This file contains any messages produced by compilers while
running configure, to aid debugging if configure makes a mistake.

It was created by libnfc configure 1.4.1, which was
generated by GNU Autoconf 2.67.  Invocation command line was

  $ ./configure 

## --------- ##
## Platform. ##
## --------- ##

hostname = johnno.local
uname -m = i386
uname -r = 10.6.0
uname -s = Darwin
uname -v = Darwin Kernel Version 10.6.0: Wed Nov 10 18:13:17 PST 2010; root:xnu-1504.9.26~3/RELEASE_I386

/usr/bin/uname -p = i386
/bin/uname -X     = unknown

/bin/arch              = unknown
/usr/bin/arch -k       = unknown
/usr/convex/getsysinfo = unknown
/usr/bin/hostinfo      = Mach kernel version:
	 Darwin Kernel Version 10.6.0: Wed Nov 10 18:13:17 PST 2010; root:xnu-1504.9.26~3/RELEASE_I386
Kernel configured for up to 2 processors.
2 processors are physically available.
2 processors are logically available.
Processor type: i486 (Intel 80486)
Processors active: 0 1
Primary memory available: 4.00 gigabytes
Default processor set: 123 tasks, 506 threads, 2 processors
Load average: 0.37, Mach factor: 1.61
/bin/machine           = unknown
/usr/bin/oslevel       = unknown
/bin/universe          = unknown

PATH: /Users/johnno/.rvm/gems/ruby-1.9.2-p0/bin
PATH: /Users/johnno/.rvm/gems/ruby-1.9.2-p0@global/bin
PATH: /Users/johnno/.rvm/rubies/ruby-1.9.2-p0/bin
PATH: /Users/johnno/.rvm/bin
PATH: /Library/Frameworks/Python.framework/Versions/2.6/bin
PATH: /Users/johnno/android/android-sdk-mac_x86-1.5_r3/tools
PATH: /Library/PostgreSQL/8.4/bin/
PATH: /usr/local/mysql/bin
PATH: /usr/local/bin
PATH: /usr/local/sbin
PATH: /usr/bin
PATH: /bin
PATH: /usr/sbin
PATH: /sbin
PATH: /usr/X11/bin
PATH: /Users/johnno/.madde/0.6.14/bin/


## ----------- ##
## Core tests. ##
## ----------- ##

configure:2635: checking for a BSD-compatible install
configure:2703: result: /usr/bin/install -c
configure:2714: checking whether build environment is sane
configure:2764: result: yes
configure:2905: checking for a thread-safe mkdir -p
configure:2944: result: ./install-sh -c -d
configure:2957: checking for gawk
configure:2987: result: no
configure:2957: checking for mawk
configure:2987: result: no
configure:2957: checking for nawk
configure:2987: result: no
configure:2957: checking for awk
configure:2973: found /usr/bin/awk
configure:2984: result: awk
configure:2995: checking whether make sets $(MAKE)
configure:3017: result: yes
configure:3165: checking for gcc
configure:3181: found /usr/bin/gcc
configure:3192: result: gcc
configure:3421: checking for C compiler version
configure:3430: gcc --version >&5
i686-apple-darwin10-gcc-4.2.1 (GCC) 4.2.1 (Apple Inc. build 5664)
Copyright (C) 2007 Free Software Foundation, Inc.
This is free software; see the source for copying conditions.  There is NO
warranty; not even for MERCHANTABILITY or FITNESS FOR A PARTICULAR PURPOSE.

configure:3441: $? = 0
configure:3430: gcc -v >&5
Using built-in specs.
Target: i686-apple-darwin10
Configured with: /var/tmp/gcc/gcc-5664~105/src/configure --disable-checking --enable-werror --prefix=/usr --mandir=/share/man --enable-languages=c,objc,c++,obj-c++ --program-transform-name=/^[cg][^.-]*$/s/$/-4.2/ --with-slibdir=/usr/lib --build=i686-apple-darwin10 --program-prefix=i686-apple-darwin10- --host=x86_64-apple-darwin10 --target=i686-apple-darwin10 --with-gxx-include-dir=/include/c++/4.2.1
Thread model: posix
gcc version 4.2.1 (Apple Inc. build 5664)
configure:3441: $? = 0
configure:3430: gcc -V >&5
gcc-4.2: argument to `-V' is missing
configure:3441: $? = 1
configure:3430: gcc -qversion >&5
i686-apple-darwin10-gcc-4.2.1: no input files
configure:3441: $? = 1
configure:3461: checking whether the C compiler works
configure:3483: gcc    conftest.c  >&5
configure:3487: $? = 0
configure:3535: result: yes
configure:3538: checking for C compiler default output file name
configure:3540: result: a.out
configure:3546: checking for suffix of executables
configure:3553: gcc -o conftest    conftest.c  >&5
configure:3557: $? = 0
configure:3579: result: 
configure:3601: checking whether we are cross compiling
configure:3609: gcc -o conftest    conftest.c  >&5
configure:3613: $? = 0
configure:3620: ./conftest
configure:3624: $? = 0
configure:3639: result: no
configure:3644: checking for suffix of object files
configure:3666: gcc -c   conftest.c >&5
configure:3670: $? = 0
configure:3691: result: o
configure:3695: checking whether we are using the GNU C compiler
configure:3714: gcc -c   conftest.c >&5
configure:3714: $? = 0
configure:3723: result: yes
configure:3732: checking whether gcc accepts -g
configure:3752: gcc -c -g  conftest.c >&5
configure:3752: $? = 0
configure:3793: result: yes
configure:3810: checking for gcc option to accept ISO C89
configure:3874: gcc  -c -g -O2  conftest.c >&5
configure:3874: $? = 0
configure:3887: result: none needed
configure:3918: checking for style of include used by make
configure:3946: result: GNU
configure:3971: checking dependency style of gcc
configure:4081: result: gcc3
configure:4096: checking whether make sets $(MAKE)
configure:4118: result: yes
configure:4159: checking build system type
configure:4173: result: x86_64-apple-darwin10.6.0
configure:4193: checking host system type
configure:4206: result: x86_64-apple-darwin10.6.0
configure:4226: checking for a sed that does not truncate output
configure:4290: result: /usr/bin/sed
configure:4308: checking for grep that handles long lines and -e
configure:4366: result: /usr/bin/grep
configure:4371: checking for egrep
configure:4433: result: /usr/bin/grep -E
configure:4438: checking for fgrep
configure:4500: result: /usr/bin/grep -F
configure:4535: checking for ld used by gcc
configure:4602: result: /usr/libexec/gcc/i686-apple-darwin10/4.2.1/ld
configure:4609: checking if the linker (/usr/libexec/gcc/i686-apple-darwin10/4.2.1/ld) is GNU ld
configure:4624: result: no
configure:4636: checking for BSD- or MS-compatible name lister (nm)
configure:4685: result: /usr/bin/nm
configure:4803: checking the name lister (/usr/bin/nm) interface
configure:4810: gcc -c -g -O2  conftest.c >&5
configure:4813: /usr/bin/nm "conftest.o"
configure:4816: output
000000000000019c D _some_variable
configure:4823: result: BSD nm
configure:4826: checking whether ln -s works
configure:4830: result: yes
configure:4838: checking the maximum length of command line arguments
configure:4958: result: 196608
configure:4975: checking whether the shell understands some XSI constructs
configure:4985: result: yes
configure:4989: checking whether the shell understands "+="
configure:4995: result: yes
configure:5030: checking for /usr/libexec/gcc/i686-apple-darwin10/4.2.1/ld option to reload object files
configure:5037: result: -r
configure:5106: checking for objdump
configure:5136: result: no
configure:5165: checking how to recognize dependent libraries
configure:5361: result: pass_all
configure:5421: checking for ar
configure:5437: found /usr/bin/ar
configure:5448: result: ar
configure:5526: checking for strip
configure:5542: found /usr/bin/strip
configure:5553: result: strip
configure:5625: checking for ranlib
configure:5641: found /usr/bin/ranlib
configure:5652: result: ranlib
configure:5742: checking command to parse /usr/bin/nm output from gcc object
configure:5860: gcc -c -g -O2  conftest.c >&5
configure:5863: $? = 0
configure:5867: /usr/bin/nm conftest.o \| sed -n -e 's/^.*[	 ]\([BCDEGRST][BCDEGRST]*\)[	 ][	 ]*\([_A-Za-z][_A-Za-z0-9]*\)$/\1 \2 \2/p' \> conftest.nm
configure:5870: $? = 0
cannot find nm_test_var in conftest.nm
configure:5860: gcc -c -g -O2  conftest.c >&5
configure:5863: $? = 0
configure:5867: /usr/bin/nm conftest.o \| sed -n -e 's/^.*[	 ]\([BCDEGRST][BCDEGRST]*\)[	 ][	 ]*_\([_A-Za-z][_A-Za-z0-9]*\)$/\1 _\2 \2/p' \> conftest.nm
configure:5870: $? = 0
configure:5924: gcc -o conftest -g -O2   conftest.c conftstm.o >&5
configure:5927: $? = 0
configure:5965: result: ok
configure:6230: checking for dsymutil
configure:6246: found /usr/bin/dsymutil
configure:6257: result: dsymutil
configure:6322: checking for nmedit
configure:6338: found /usr/bin/nmedit
configure:6349: result: nmedit
configure:6414: checking for lipo
configure:6430: found /usr/bin/lipo
configure:6441: result: lipo
configure:6506: checking for otool
configure:6522: found /usr/bin/otool
configure:6533: result: otool
configure:6598: checking for otool64
configure:6628: result: no
configure:6673: checking for -single_module linker flag
gcc -g -O2  -o libconftest.dylib -dynamiclib -Wl,-single_module conftest.c
configure:6700: result: yes
configure:6702: checking for -exported_symbols_list linker flag
configure:6722: gcc -o conftest -g -O2   -Wl,-exported_symbols_list,conftest.sym conftest.c  >&5
configure:6722: $? = 0
configure:6732: result: yes
configure:6774: checking how to run the C preprocessor
configure:6805: gcc -E  conftest.c
configure:6805: $? = 0
configure:6819: gcc -E  conftest.c
conftest.c:12:28: error: ac_nonexistent.h: No such file or directory
configure:6819: $? = 1
configure: failed program was:
| /* confdefs.h */
| #define PACKAGE_NAME "libnfc"
| #define PACKAGE_TARNAME "libnfc"
| #define PACKAGE_VERSION "1.4.1"
| #define PACKAGE_STRING "libnfc 1.4.1"
| #define PACKAGE_BUGREPORT "info@libnfc.org"
| #define PACKAGE_URL ""
| #define SVN_REVISION "869"
| #define PACKAGE "libnfc"
| #define VERSION "1.4.1"
| /* end confdefs.h.  */
| #include <ac_nonexistent.h>
configure:6844: result: gcc -E
configure:6864: gcc -E  conftest.c
configure:6864: $? = 0
configure:6878: gcc -E  conftest.c
conftest.c:12:28: error: ac_nonexistent.h: No such file or directory
configure:6878: $? = 1
configure: failed program was:
| /* confdefs.h */
| #define PACKAGE_NAME "libnfc"
| #define PACKAGE_TARNAME "libnfc"
| #define PACKAGE_VERSION "1.4.1"
| #define PACKAGE_STRING "libnfc 1.4.1"
| #define PACKAGE_BUGREPORT "info@libnfc.org"
| #define PACKAGE_URL ""
| #define SVN_REVISION "869"
| #define PACKAGE "libnfc"
| #define VERSION "1.4.1"
| /* end confdefs.h.  */
| #include <ac_nonexistent.h>
configure:6907: checking for ANSI C header files
configure:6927: gcc -c -g -O2  conftest.c >&5
configure:6927: $? = 0
configure:7000: gcc -o conftest -g -O2   conftest.c  >&5
configure:7000: $? = 0
configure:7000: ./conftest
configure:7000: $? = 0
configure:7011: result: yes
configure:7024: checking for sys/types.h
configure:7024: gcc -c -g -O2  conftest.c >&5
configure:7024: $? = 0
configure:7024: result: yes
configure:7024: checking for sys/stat.h
configure:7024: gcc -c -g -O2  conftest.c >&5
configure:7024: $? = 0
configure:7024: result: yes
configure:7024: checking for stdlib.h
configure:7024: gcc -c -g -O2  conftest.c >&5
configure:7024: $? = 0
configure:7024: result: yes
configure:7024: checking for string.h
configure:7024: gcc -c -g -O2  conftest.c >&5
configure:7024: $? = 0
configure:7024: result: yes
configure:7024: checking for memory.h
configure:7024: gcc -c -g -O2  conftest.c >&5
configure:7024: $? = 0
configure:7024: result: yes
configure:7024: checking for strings.h
configure:7024: gcc -c -g -O2  conftest.c >&5
configure:7024: $? = 0
configure:7024: result: yes
configure:7024: checking for inttypes.h
configure:7024: gcc -c -g -O2  conftest.c >&5
configure:7024: $? = 0
configure:7024: result: yes
configure:7024: checking for stdint.h
configure:7024: gcc -c -g -O2  conftest.c >&5
configure:7024: $? = 0
configure:7024: result: yes
configure:7024: checking for unistd.h
configure:7024: gcc -c -g -O2  conftest.c >&5
configure:7024: $? = 0
configure:7024: result: yes
configure:7038: checking for dlfcn.h
configure:7038: gcc -c -g -O2  conftest.c >&5
configure:7038: $? = 0
configure:7038: result: yes
configure:7222: checking for objdir
configure:7237: result: .libs
configure:7533: checking if gcc supports -fno-rtti -fno-exceptions
configure:7551: gcc -c -g -O2  -fno-rtti -fno-exceptions conftest.c >&5
cc1: warning: command line option "-fno-rtti" is valid for C++/ObjC++ but not for C
configure:7555: $? = 0
configure:7568: result: no
configure:7588: checking for gcc option to produce PIC
configure:7860: result: -fno-common -DPIC
configure:7872: checking if gcc PIC flag -fno-common -DPIC works
configure:7890: gcc -c -g -O2  -fno-common -DPIC -DPIC conftest.c >&5
configure:7894: $? = 0
configure:7907: result: yes
configure:7931: checking if gcc static flag -static works
configure:7959: result: no
configure:7974: checking if gcc supports -c -o file.o
configure:7995: gcc -c -g -O2  -o out/conftest2.o conftest.c >&5
configure:7999: $? = 0
configure:8021: result: yes
configure:8029: checking if gcc supports -c -o file.o
configure:8076: result: yes
configure:8109: checking whether the gcc linker (/usr/libexec/gcc/i686-apple-darwin10/4.2.1/ld) supports shared libraries
configure:9100: result: yes
configure:9339: checking dynamic linker characteristics
configure:10002: result: darwin10.6.0 dyld
configure:10104: checking how to hardcode library paths into programs
configure:10129: result: immediate
configure:10649: checking whether stripping libraries is possible
configure:10663: result: yes
configure:10689: checking if libtool supports shared libraries
configure:10691: result: yes
configure:10694: checking whether to build shared libraries
configure:10715: result: yes
configure:10718: checking whether to build static libraries
configure:10722: result: yes
configure:10782: checking for pkg-config
configure:10800: found /usr/local/bin/pkg-config
configure:10812: result: /usr/local/bin/pkg-config
configure:10825: checking for ANSI C header files
configure:10929: result: yes
configure:10937: checking for stdbool.h that conforms to C99
configure:11022: gcc -c -g -O2  conftest.c >&5
configure:11022: $? = 0
configure:11029: result: yes
configure:11031: checking for _Bool
configure:11031: gcc -c -g -O2  conftest.c >&5
configure:11031: $? = 0
configure:11031: gcc -c -g -O2  conftest.c >&5
conftest.c: In function 'main':
conftest.c:61: error: expected expression before ')' token
configure:11031: $? = 1
configure: failed program was:
| /* confdefs.h */
| #define PACKAGE_NAME "libnfc"
| #define PACKAGE_TARNAME "libnfc"
| #define PACKAGE_VERSION "1.4.1"
| #define PACKAGE_STRING "libnfc 1.4.1"
| #define PACKAGE_BUGREPORT "info@libnfc.org"
| #define PACKAGE_URL ""
| #define SVN_REVISION "869"
| #define PACKAGE "libnfc"
| #define VERSION "1.4.1"
| #define STDC_HEADERS 1
| #define HAVE_SYS_TYPES_H 1
| #define HAVE_SYS_STAT_H 1
| #define HAVE_STDLIB_H 1
| #define HAVE_STRING_H 1
| #define HAVE_MEMORY_H 1
| #define HAVE_STRINGS_H 1
| #define HAVE_INTTYPES_H 1
| #define HAVE_STDINT_H 1
| #define HAVE_UNISTD_H 1
| #define HAVE_DLFCN_H 1
| #define LT_OBJDIR ".libs/"
| #define STDC_HEADERS 1
| /* end confdefs.h.  */
| #include <stdio.h>
| #ifdef HAVE_SYS_TYPES_H
| # include <sys/types.h>
| #endif
| #ifdef HAVE_SYS_STAT_H
| # include <sys/stat.h>
| #endif
| #ifdef STDC_HEADERS
| # include <stdlib.h>
| # include <stddef.h>
| #else
| # ifdef HAVE_STDLIB_H
| #  include <stdlib.h>
| # endif
| #endif
| #ifdef HAVE_STRING_H
| # if !defined STDC_HEADERS && defined HAVE_MEMORY_H
| #  include <memory.h>
| # endif
| # include <string.h>
| #endif
| #ifdef HAVE_STRINGS_H
| # include <strings.h>
| #endif
| #ifdef HAVE_INTTYPES_H
| # include <inttypes.h>
| #endif
| #ifdef HAVE_STDINT_H
| # include <stdint.h>
| #endif
| #ifdef HAVE_UNISTD_H
| # include <unistd.h>
| #endif
| int
| main ()
| {
| if (sizeof ((_Bool)))
| 	    return 0;
|   ;
|   return 0;
| }
configure:11031: result: yes
configure:11050: checking fcntl.h usability
configure:11050: gcc -c -g -O2  conftest.c >&5
configure:11050: $? = 0
configure:11050: result: yes
configure:11050: checking fcntl.h presence
configure:11050: gcc -E  conftest.c
configure:11050: $? = 0
configure:11050: result: yes
configure:11050: checking for fcntl.h
configure:11050: result: yes
configure:11050: checking limits.h usability
configure:11050: gcc -c -g -O2  conftest.c >&5
configure:11050: $? = 0
configure:11050: result: yes
configure:11050: checking limits.h presence
configure:11050: gcc -E  conftest.c
configure:11050: $? = 0
configure:11050: result: yes
configure:11050: checking for limits.h
configure:11050: result: yes
configure:11050: checking stdio.h usability
configure:11050: gcc -c -g -O2  conftest.c >&5
configure:11050: $? = 0
configure:11050: result: yes
configure:11050: checking stdio.h presence
configure:11050: gcc -E  conftest.c
configure:11050: $? = 0
configure:11050: result: yes
configure:11050: checking for stdio.h
configure:11050: result: yes
configure:11050: checking for stdlib.h
configure:11050: result: yes
configure:11050: checking for stdint.h
configure:11050: result: yes
configure:11050: checking stddef.h usability
configure:11050: gcc -c -g -O2  conftest.c >&5
configure:11050: $? = 0
configure:11050: result: yes
configure:11050: checking stddef.h presence
configure:11050: gcc -E  conftest.c
configure:11050: $? = 0
configure:11050: result: yes
configure:11050: checking for stddef.h
configure:11050: result: yes
configure:11050: checking for stdbool.h
configure:11050: result: yes
configure:11050: checking sys/ioctl.h usability
configure:11050: gcc -c -g -O2  conftest.c >&5
configure:11050: $? = 0
configure:11050: result: yes
configure:11050: checking sys/ioctl.h presence
configure:11050: gcc -E  conftest.c
configure:11050: $? = 0
configure:11050: result: yes
configure:11050: checking for sys/ioctl.h
configure:11050: result: yes
configure:11050: checking sys/param.h usability
configure:11050: gcc -c -g -O2  conftest.c >&5
configure:11050: $? = 0
configure:11050: result: yes
configure:11050: checking sys/param.h presence
configure:11050: gcc -E  conftest.c
configure:11050: $? = 0
configure:11050: result: yes
configure:11050: checking for sys/param.h
configure:11050: result: yes
configure:11050: checking sys/time.h usability
configure:11050: gcc -c -g -O2  conftest.c >&5
configure:11050: $? = 0
configure:11050: result: yes
configure:11050: checking sys/time.h presence
configure:11050: gcc -E  conftest.c
configure:11050: $? = 0
configure:11050: result: yes
configure:11050: checking for sys/time.h
configure:11050: result: yes
configure:11050: checking termios.h usability
configure:11050: gcc -c -g -O2  conftest.c >&5
configure:11050: $? = 0
configure:11050: result: yes
configure:11050: checking termios.h presence
configure:11050: gcc -E  conftest.c
configure:11050: $? = 0
configure:11050: result: yes
configure:11050: checking for termios.h
configure:11050: result: yes
configure:11063: checking for memmove
configure:11063: gcc -o conftest -g -O2   conftest.c  >&5
conftest.c:61: warning: conflicting types for built-in function 'memmove'
configure:11063: $? = 0
configure:11063: result: yes
configure:11063: checking for memset
configure:11063: gcc -o conftest -g -O2   conftest.c  >&5
conftest.c:63: warning: conflicting types for built-in function 'memset'
configure:11063: $? = 0
configure:11063: result: yes
configure:11063: checking for select
configure:11063: gcc -o conftest -g -O2   conftest.c  >&5
configure:11063: $? = 0
configure:11063: result: yes
configure:11063: checking for strdup
configure:11063: gcc -o conftest -g -O2   conftest.c  >&5
conftest.c:67: warning: conflicting types for built-in function 'strdup'
configure:11063: $? = 0
configure:11063: result: yes
configure:11063: checking for strerror
configure:11063: gcc -o conftest -g -O2   conftest.c  >&5
configure:11063: $? = 0
configure:11063: result: yes
configure:11063: checking for strstr
configure:11063: gcc -o conftest -g -O2   conftest.c  >&5
conftest.c:71: warning: conflicting types for built-in function 'strstr'
configure:11063: $? = 0
configure:11063: result: yes
configure:11063: checking for strtol
configure:11063: gcc -o conftest -g -O2   conftest.c  >&5
configure:11063: $? = 0
configure:11063: result: yes
configure:11063: checking for usleep
configure:11063: gcc -o conftest -g -O2   conftest.c  >&5
configure:11063: $? = 0
configure:11063: result: yes
configure:11087: checking for size_t
configure:11087: gcc -c -g -O2  conftest.c >&5
configure:11087: $? = 0
configure:11087: gcc -c -g -O2  conftest.c >&5
conftest.c: In function 'main':
conftest.c:92: error: expected expression before ')' token
configure:11087: $? = 1
configure: failed program was:
| /* confdefs.h */
| #define PACKAGE_NAME "libnfc"
| #define PACKAGE_TARNAME "libnfc"
| #define PACKAGE_VERSION "1.4.1"
| #define PACKAGE_STRING "libnfc 1.4.1"
| #define PACKAGE_BUGREPORT "info@libnfc.org"
| #define PACKAGE_URL ""
| #define SVN_REVISION "869"
| #define PACKAGE "libnfc"
| #define VERSION "1.4.1"
| #define STDC_HEADERS 1
| #define HAVE_SYS_TYPES_H 1
| #define HAVE_SYS_STAT_H 1
| #define HAVE_STDLIB_H 1
| #define HAVE_STRING_H 1
| #define HAVE_MEMORY_H 1
| #define HAVE_STRINGS_H 1
| #define HAVE_INTTYPES_H 1
| #define HAVE_STDINT_H 1
| #define HAVE_UNISTD_H 1
| #define HAVE_DLFCN_H 1
| #define LT_OBJDIR ".libs/"
| #define STDC_HEADERS 1
| #define HAVE__BOOL 1
| #define HAVE_STDBOOL_H 1
| #define HAVE_FCNTL_H 1
| #define HAVE_LIMITS_H 1
| #define HAVE_STDIO_H 1
| #define HAVE_STDLIB_H 1
| #define HAVE_STDINT_H 1
| #define HAVE_STDDEF_H 1
| #define HAVE_STDBOOL_H 1
| #define HAVE_SYS_IOCTL_H 1
| #define HAVE_SYS_PARAM_H 1
| #define HAVE_SYS_TIME_H 1
| #define HAVE_TERMIOS_H 1
| #define HAVE_MEMMOVE 1
| #define _XOPEN_SOURCE 600
| #define HAVE_MEMSET 1
| #define _XOPEN_SOURCE 600
| #define HAVE_SELECT 1
| #define _XOPEN_SOURCE 600
| #define HAVE_STRDUP 1
| #define _XOPEN_SOURCE 600
| #define HAVE_STRERROR 1
| #define _XOPEN_SOURCE 600
| #define HAVE_STRSTR 1
| #define _XOPEN_SOURCE 600
| #define HAVE_STRTOL 1
| #define _XOPEN_SOURCE 600
| #define HAVE_USLEEP 1
| #define _XOPEN_SOURCE 600
| #define _NETBSD_SOURCE 1
| #define _DARWIN_C_SOURCE 1
| /* end confdefs.h.  */
| #include <stdio.h>
| #ifdef HAVE_SYS_TYPES_H
| # include <sys/types.h>
| #endif
| #ifdef HAVE_SYS_STAT_H
| # include <sys/stat.h>
| #endif
| #ifdef STDC_HEADERS
| # include <stdlib.h>
| # include <stddef.h>
| #else
| # ifdef HAVE_STDLIB_H
| #  include <stdlib.h>
| # endif
| #endif
| #ifdef HAVE_STRING_H
| # if !defined STDC_HEADERS && defined HAVE_MEMORY_H
| #  include <memory.h>
| # endif
| # include <string.h>
| #endif
| #ifdef HAVE_STRINGS_H
| # include <strings.h>
| #endif
| #ifdef HAVE_INTTYPES_H
| # include <inttypes.h>
| #endif
| #ifdef HAVE_STDINT_H
| # include <stdint.h>
| #endif
| #ifdef HAVE_UNISTD_H
| # include <unistd.h>
| #endif
| int
| main ()
| {
| if (sizeof ((size_t)))
| 	    return 0;
|   ;
|   return 0;
| }
configure:11087: result: yes
configure:11098: checking for uint8_t
configure:11098: gcc -c -g -O2  conftest.c >&5
configure:11098: $? = 0
configure:11098: result: yes
configure:11112: checking for uint16_t
configure:11112: gcc -c -g -O2  conftest.c >&5
configure:11112: $? = 0
configure:11112: result: yes
configure:11124: checking for uint32_t
configure:11124: gcc -c -g -O2  conftest.c >&5
configure:11124: $? = 0
configure:11124: result: yes
configure:11138: checking for uint64_t
configure:11138: gcc -c -g -O2  conftest.c >&5
configure:11138: $? = 0
configure:11138: result: yes
configure:11152: checking for int32_t
configure:11152: gcc -c -g -O2  conftest.c >&5
configure:11152: $? = 0
configure:11152: gcc -c -g -O2  conftest.c >&5
conftest.c: In function 'main':
conftest.c:94: warning: integer overflow in expression
conftest.c:94: error: size of array 'test_array' is negative
configure:11152: $? = 1
configure: failed program was:
| /* confdefs.h */
| #define PACKAGE_NAME "libnfc"
| #define PACKAGE_TARNAME "libnfc"
| #define PACKAGE_VERSION "1.4.1"
| #define PACKAGE_STRING "libnfc 1.4.1"
| #define PACKAGE_BUGREPORT "info@libnfc.org"
| #define PACKAGE_URL ""
| #define SVN_REVISION "869"
| #define PACKAGE "libnfc"
| #define VERSION "1.4.1"
| #define STDC_HEADERS 1
| #define HAVE_SYS_TYPES_H 1
| #define HAVE_SYS_STAT_H 1
| #define HAVE_STDLIB_H 1
| #define HAVE_STRING_H 1
| #define HAVE_MEMORY_H 1
| #define HAVE_STRINGS_H 1
| #define HAVE_INTTYPES_H 1
| #define HAVE_STDINT_H 1
| #define HAVE_UNISTD_H 1
| #define HAVE_DLFCN_H 1
| #define LT_OBJDIR ".libs/"
| #define STDC_HEADERS 1
| #define HAVE__BOOL 1
| #define HAVE_STDBOOL_H 1
| #define HAVE_FCNTL_H 1
| #define HAVE_LIMITS_H 1
| #define HAVE_STDIO_H 1
| #define HAVE_STDLIB_H 1
| #define HAVE_STDINT_H 1
| #define HAVE_STDDEF_H 1
| #define HAVE_STDBOOL_H 1
| #define HAVE_SYS_IOCTL_H 1
| #define HAVE_SYS_PARAM_H 1
| #define HAVE_SYS_TIME_H 1
| #define HAVE_TERMIOS_H 1
| #define HAVE_MEMMOVE 1
| #define _XOPEN_SOURCE 600
| #define HAVE_MEMSET 1
| #define _XOPEN_SOURCE 600
| #define HAVE_SELECT 1
| #define _XOPEN_SOURCE 600
| #define HAVE_STRDUP 1
| #define _XOPEN_SOURCE 600
| #define HAVE_STRERROR 1
| #define _XOPEN_SOURCE 600
| #define HAVE_STRSTR 1
| #define _XOPEN_SOURCE 600
| #define HAVE_STRTOL 1
| #define _XOPEN_SOURCE 600
| #define HAVE_USLEEP 1
| #define _XOPEN_SOURCE 600
| #define _NETBSD_SOURCE 1
| #define _DARWIN_C_SOURCE 1
| /* end confdefs.h.  */
| #include <stdio.h>
| #ifdef HAVE_SYS_TYPES_H
| # include <sys/types.h>
| #endif
| #ifdef HAVE_SYS_STAT_H
| # include <sys/stat.h>
| #endif
| #ifdef STDC_HEADERS
| # include <stdlib.h>
| # include <stddef.h>
| #else
| # ifdef HAVE_STDLIB_H
| #  include <stdlib.h>
| # endif
| #endif
| #ifdef HAVE_STRING_H
| # if !defined STDC_HEADERS && defined HAVE_MEMORY_H
| #  include <memory.h>
| # endif
| # include <string.h>
| #endif
| #ifdef HAVE_STRINGS_H
| # include <strings.h>
| #endif
| #ifdef HAVE_INTTYPES_H
| # include <inttypes.h>
| #endif
| #ifdef HAVE_STDINT_H
| # include <stdint.h>
| #endif
| #ifdef HAVE_UNISTD_H
| # include <unistd.h>
| #endif
| 	        enum { N = 32 / 2 - 1 };
| int
| main ()
| {
| static int test_array [1 - 2 * !((int32_t) (((((int32_t) 1 << N) << N) - 1) * 2 + 1)
| 		 < (int32_t) (((((int32_t) 1 << N) << N) - 1) * 2 + 2))];
| test_array [0] = 0
| 
|   ;
|   return 0;
| }
configure:11152: result: yes
configure:11164: checking return type of signal handlers
configure:11182: gcc -c -g -O2  conftest.c >&5
conftest.c: In function 'main':
conftest.c:62: error: void value not ignored as it ought to be
configure:11182: $? = 1
configure: failed program was:
| /* confdefs.h */
| #define PACKAGE_NAME "libnfc"
| #define PACKAGE_TARNAME "libnfc"
| #define PACKAGE_VERSION "1.4.1"
| #define PACKAGE_STRING "libnfc 1.4.1"
| #define PACKAGE_BUGREPORT "info@libnfc.org"
| #define PACKAGE_URL ""
| #define SVN_REVISION "869"
| #define PACKAGE "libnfc"
| #define VERSION "1.4.1"
| #define STDC_HEADERS 1
| #define HAVE_SYS_TYPES_H 1
| #define HAVE_SYS_STAT_H 1
| #define HAVE_STDLIB_H 1
| #define HAVE_STRING_H 1
| #define HAVE_MEMORY_H 1
| #define HAVE_STRINGS_H 1
| #define HAVE_INTTYPES_H 1
| #define HAVE_STDINT_H 1
| #define HAVE_UNISTD_H 1
| #define HAVE_DLFCN_H 1
| #define LT_OBJDIR ".libs/"
| #define STDC_HEADERS 1
| #define HAVE__BOOL 1
| #define HAVE_STDBOOL_H 1
| #define HAVE_FCNTL_H 1
| #define HAVE_LIMITS_H 1
| #define HAVE_STDIO_H 1
| #define HAVE_STDLIB_H 1
| #define HAVE_STDINT_H 1
| #define HAVE_STDDEF_H 1
| #define HAVE_STDBOOL_H 1
| #define HAVE_SYS_IOCTL_H 1
| #define HAVE_SYS_PARAM_H 1
| #define HAVE_SYS_TIME_H 1
| #define HAVE_TERMIOS_H 1
| #define HAVE_MEMMOVE 1
| #define _XOPEN_SOURCE 600
| #define HAVE_MEMSET 1
| #define _XOPEN_SOURCE 600
| #define HAVE_SELECT 1
| #define _XOPEN_SOURCE 600
| #define HAVE_STRDUP 1
| #define _XOPEN_SOURCE 600
| #define HAVE_STRERROR 1
| #define _XOPEN_SOURCE 600
| #define HAVE_STRSTR 1
| #define _XOPEN_SOURCE 600
| #define HAVE_STRTOL 1
| #define _XOPEN_SOURCE 600
| #define HAVE_USLEEP 1
| #define _XOPEN_SOURCE 600
| #define _NETBSD_SOURCE 1
| #define _DARWIN_C_SOURCE 1
| /* end confdefs.h.  */
| #include <sys/types.h>
| #include <signal.h>
| 
| int
| main ()
| {
| return *(signal (0, 0)) (0) == 1;
|   ;
|   return 0;
| }
configure:11189: result: void
configure:11210: checking for debug flag
configure:11212: result: no
configure:11222: checking which drivers to build
configure:11243: result: default drivers
configure:11350: checking for serial autoprobe flag
configure:11352: result: no
configure:11369: checking for documentation request
configure:11371: result: no
configure:11433: checking for indent
configure:11451: found /usr/bin/indent
configure:11463: result: /usr/bin/indent
configure:11473: checking for gindent
configure:11506: result: no
configure:11636: checking pkg-config is at least version 0.9.0
configure:11639: result: yes
configure:11674: checking for libusb
configure:11681: $PKG_CONFIG --exists --print-errors "libusb"
configure:11684: $? = 0
configure:11697: $PKG_CONFIG --exists --print-errors "libusb"
configure:11700: $? = 0
configure:11737: result: yes
configure:11873: checking for libpcsclite
configure:11880: $PKG_CONFIG --exists --print-errors "libpcsclite"
Package libpcsclite was not found in the pkg-config search path.
Perhaps you should add the directory containing `libpcsclite.pc'
to the PKG_CONFIG_PATH environment variable
No package 'libpcsclite' found
configure:11883: $? = 1
configure:11896: $PKG_CONFIG --exists --print-errors "libpcsclite"
Package libpcsclite was not found in the pkg-config search path.
Perhaps you should add the directory containing `libpcsclite.pc'
to the PKG_CONFIG_PATH environment variable
No package 'libpcsclite' found
configure:11899: $? = 1
configure:11912: result: no
No package 'libpcsclite' found
configure:11949: checking for PC/SC
configure:11954: result: yes: darwin PC/SC framework
configure:12003: checking whether to use Cutter
configure:12010: result: auto
configure:12019: checking for CUTTER
configure:12026: $PKG_CONFIG --exists --print-errors "cutter >= $CUTTER_REQUIRED_VERSION"
Package cutter was not found in the pkg-config search path.
Perhaps you should add the directory containing `cutter.pc'
to the PKG_CONFIG_PATH environment variable
No package 'cutter' found
configure:12029: $? = 1
configure:12042: $PKG_CONFIG --exists --print-errors "cutter >= $CUTTER_REQUIRED_VERSION"
Package cutter was not found in the pkg-config search path.
Perhaps you should add the directory containing `cutter.pc'
to the PKG_CONFIG_PATH environment variable
No package 'cutter' found
configure:12045: $? = 1
configure:12058: result: no
No package 'cutter' found
configure:12140: checking for readline.h
configure:12153: result: /usr/include/readline/readline.h
configure:12358: creating ./config.status

## ---------------------- ##
## Running config.status. ##
## ---------------------- ##

This file was extended by libnfc config.status 1.4.1, which was
generated by GNU Autoconf 2.67.  Invocation command line was

  CONFIG_FILES    = 
  CONFIG_HEADERS  = 
  CONFIG_LINKS    = 
  CONFIG_COMMANDS = 
  $ ./config.status 

on johnno.local

config.status:1155: creating Doxyfile
config.status:1155: creating Makefile
config.status:1155: creating cmake_modules/Makefile
config.status:1155: creating examples/Makefile
config.status:1155: creating examples/pn53x-tamashell-scripts/Makefile
config.status:1155: creating include/Makefile
config.status:1155: creating include/nfc/Makefile
config.status:1155: creating libnfc.pc
config.status:1155: creating libnfc/Makefile
config.status:1155: creating libnfc/buses/Makefile
config.status:1155: creating libnfc/chips/Makefile
config.status:1155: creating libnfc/drivers/Makefile
config.status:1155: creating test/Makefile
config.status:1155: creating config.h
config.status:1383: executing depfiles commands
config.status:1383: executing libtool commands

## ---------------- ##
## Cache variables. ##
## ---------------- ##

ac_cv_build=x86_64-apple-darwin10.6.0
ac_cv_c_compiler_gnu=yes
ac_cv_c_int32_t=yes
ac_cv_c_uint16_t=yes
ac_cv_c_uint32_t=yes
ac_cv_c_uint64_t=yes
ac_cv_c_uint8_t=yes
ac_cv_env_CC_set=
ac_cv_env_CC_value=
ac_cv_env_CFLAGS_set=
ac_cv_env_CFLAGS_value=
ac_cv_env_CPPFLAGS_set=
ac_cv_env_CPPFLAGS_value=
ac_cv_env_CPP_set=
ac_cv_env_CPP_value=
ac_cv_env_CUTTER_CFLAGS_set=
ac_cv_env_CUTTER_CFLAGS_value=
ac_cv_env_CUTTER_LIBS_set=
ac_cv_env_CUTTER_LIBS_value=
ac_cv_env_LDFLAGS_set=
ac_cv_env_LDFLAGS_value=
ac_cv_env_LIBS_set=
ac_cv_env_LIBS_value=
ac_cv_env_PKG_CONFIG_LIBDIR_set=
ac_cv_env_PKG_CONFIG_LIBDIR_value=
ac_cv_env_PKG_CONFIG_PATH_set=
ac_cv_env_PKG_CONFIG_PATH_value=
ac_cv_env_PKG_CONFIG_set=
ac_cv_env_PKG_CONFIG_value=
ac_cv_env_build_alias_set=
ac_cv_env_build_alias_value=
ac_cv_env_host_alias_set=
ac_cv_env_host_alias_value=
ac_cv_env_libpcsclite_CFLAGS_set=
ac_cv_env_libpcsclite_CFLAGS_value=
ac_cv_env_libpcsclite_LIBS_set=
ac_cv_env_libpcsclite_LIBS_value=
ac_cv_env_libusb_CFLAGS_set=
ac_cv_env_libusb_CFLAGS_value=
ac_cv_env_libusb_LIBS_set=
ac_cv_env_libusb_LIBS_value=
ac_cv_env_target_alias_set=
ac_cv_env_target_alias_value=
ac_cv_func_memmove=yes
ac_cv_func_memset=yes
ac_cv_func_select=yes
ac_cv_func_strdup=yes
ac_cv_func_strerror=yes
ac_cv_func_strstr=yes
ac_cv_func_strtol=yes
ac_cv_func_usleep=yes
ac_cv_header_dlfcn_h=yes
ac_cv_header_fcntl_h=yes
ac_cv_header_inttypes_h=yes
ac_cv_header_limits_h=yes
ac_cv_header_memory_h=yes
ac_cv_header_stdbool_h=yes
ac_cv_header_stdc=yes
ac_cv_header_stddef_h=yes
ac_cv_header_stdint_h=yes
ac_cv_header_stdio_h=yes
ac_cv_header_stdlib_h=yes
ac_cv_header_string_h=yes
ac_cv_header_strings_h=yes
ac_cv_header_sys_ioctl_h=yes
ac_cv_header_sys_param_h=yes
ac_cv_header_sys_stat_h=yes
ac_cv_header_sys_time_h=yes
ac_cv_header_sys_types_h=yes
ac_cv_header_termios_h=yes
ac_cv_header_unistd_h=yes
ac_cv_host=x86_64-apple-darwin10.6.0
ac_cv_objext=o
ac_cv_path_EGREP='/usr/bin/grep -E'
ac_cv_path_FGREP='/usr/bin/grep -F'
ac_cv_path_GREP=/usr/bin/grep
ac_cv_path_INDENT=/usr/bin/indent
ac_cv_path_PKG_CONFIG=/usr/local/bin/pkg-config
ac_cv_path_SED=/usr/bin/sed
ac_cv_path_install='/usr/bin/install -c'
ac_cv_prog_AWK=awk
ac_cv_prog_CPP='gcc -E'
ac_cv_prog_ac_ct_AR=ar
ac_cv_prog_ac_ct_CC=gcc
ac_cv_prog_ac_ct_DSYMUTIL=dsymutil
ac_cv_prog_ac_ct_LIPO=lipo
ac_cv_prog_ac_ct_NMEDIT=nmedit
ac_cv_prog_ac_ct_OTOOL=otool
ac_cv_prog_ac_ct_RANLIB=ranlib
ac_cv_prog_ac_ct_STRIP=strip
ac_cv_prog_cc_c89=
ac_cv_prog_cc_g=yes
ac_cv_prog_make_make_set=yes
ac_cv_type__Bool=yes
ac_cv_type_signal=void
ac_cv_type_size_t=yes
ac_cv_use_cutter=no
ac_cv_with_cutter=auto
am_cv_CC_dependencies_compiler_type=gcc3
lt_cv_apple_cc_single_mod=yes
lt_cv_deplibs_check_method=pass_all
lt_cv_file_magic_cmd='$MAGIC_CMD'
lt_cv_file_magic_test_file=
lt_cv_ld_exported_symbols_list=yes
lt_cv_ld_reload_flag=-r
lt_cv_nm_interface='BSD nm'
lt_cv_objdir=.libs
lt_cv_path_LD=/usr/libexec/gcc/i686-apple-darwin10/4.2.1/ld
lt_cv_path_NM=/usr/bin/nm
lt_cv_prog_compiler_c_o=yes
lt_cv_prog_compiler_pic_works=yes
lt_cv_prog_compiler_rtti_exceptions=no
lt_cv_prog_compiler_static_works=no
lt_cv_prog_gnu_ld=no
lt_cv_sys_global_symbol_pipe='sed -n -e '\''s/^.*[	 ]\([BCDEGRST][BCDEGRST]*\)[	 ][	 ]*_\([_A-Za-z][_A-Za-z0-9]*\)$/\1 _\2 \2/p'\'''
lt_cv_sys_global_symbol_to_c_name_address='sed -n -e '\''s/^: \([^ ]*\) $/  {\"\1\", (void *) 0},/p'\'' -e '\''s/^[BCDEGRST]* \([^ ]*\) \([^ ]*\)$/  {"\2", (void *) \&\2},/p'\'''
lt_cv_sys_global_symbol_to_c_name_address_lib_prefix='sed -n -e '\''s/^: \([^ ]*\) $/  {\"\1\", (void *) 0},/p'\'' -e '\''s/^[BCDEGRST]* \([^ ]*\) \(lib[^ ]*\)$/  {"\2", (void *) \&\2},/p'\'' -e '\''s/^[BCDEGRST]* \([^ ]*\) \([^ ]*\)$/  {"lib\2", (void *) \&\2},/p'\'''
lt_cv_sys_global_symbol_to_cdecl='sed -n -e '\''s/^T .* \(.*\)$/extern int \1();/p'\'' -e '\''s/^[BCDEGRST]* .* \(.*\)$/extern char \1;/p'\'''
lt_cv_sys_max_cmd_len=196608
pkg_cv_libusb_CFLAGS='-I/usr/local/Cellar/libusb-compat/0.1.3/include  '
pkg_cv_libusb_LIBS='-L/usr/local/Cellar/libusb-compat/0.1.3/lib -lusb  '

## ----------------- ##
## Output variables. ##
## ----------------- ##

ACLOCAL='${SHELL} /Users/johnno/workspace/NFC/CocoaTag/CocoaTag/deps/libnfc-1.4.1/missing --run aclocal-1.11'
AMDEPBACKSLASH='\'
AMDEP_FALSE='#'
AMDEP_TRUE=''
AMTAR='${SHELL} /Users/johnno/workspace/NFC/CocoaTag/CocoaTag/deps/libnfc-1.4.1/missing --run tar'
AM_BACKSLASH='\'
AM_DEFAULT_VERBOSITY='0'
AR='ar'
AUTOCONF='${SHELL} /Users/johnno/workspace/NFC/CocoaTag/CocoaTag/deps/libnfc-1.4.1/missing --run autoconf'
AUTOHEADER='${SHELL} /Users/johnno/workspace/NFC/CocoaTag/CocoaTag/deps/libnfc-1.4.1/missing --run autoheader'
AUTOMAKE='${SHELL} /Users/johnno/workspace/NFC/CocoaTag/CocoaTag/deps/libnfc-1.4.1/missing --run automake-1.11'
AWK='awk'
CC='gcc'
CCDEPMODE='depmode=gcc3'
CFLAGS='-g -O2 -std=c99 -Du_int8_t=uint8_t -Du_int16_t=uint16_t'
CPP='gcc -E'
CPPFLAGS=''
CUTTER=''
CUTTER_CFLAGS=''
CUTTER_LIBS=''
CYGPATH_W='echo'
DEFS='-DHAVE_CONFIG_H'
DEPDIR='.deps'
DOC_ENABLED_FALSE=''
DOC_ENABLED_TRUE='#'
DOXYGEN=''
DRIVERS_CFLAGS=' -DDRIVER_ACR122_ENABLED -DDRIVER_ARYGON_ENABLED -DDRIVER_PN531_USB_ENABLED -DDRIVER_PN533_USB_ENABLED'
DRIVER_ACR122_ENABLED_FALSE='#'
DRIVER_ACR122_ENABLED_TRUE=''
DRIVER_ARYGON_ENABLED_FALSE='#'
DRIVER_ARYGON_ENABLED_TRUE=''
DRIVER_PN531_USB_ENABLED_FALSE='#'
DRIVER_PN531_USB_ENABLED_TRUE=''
DRIVER_PN532_UART_ENABLED_FALSE=''
DRIVER_PN532_UART_ENABLED_TRUE='#'
DRIVER_PN533_USB_ENABLED_FALSE='#'
DRIVER_PN533_USB_ENABLED_TRUE=''
DSYMUTIL='dsymutil'
DUMPBIN=''
ECHO_C='\c'
ECHO_N=''
ECHO_T=''
EGREP='/usr/bin/grep -E'
EXEEXT=''
FGREP='/usr/bin/grep -F'
GINDENT=''
GREP='/usr/bin/grep'
HAS_INDENT_FALSE='#'
HAS_INDENT_TRUE=''
INDENT='/usr/bin/indent'
INSTALL_DATA='${INSTALL} -m 644'
INSTALL_PROGRAM='${INSTALL}'
INSTALL_SCRIPT='${INSTALL}'
INSTALL_STRIP_PROGRAM='$(install_sh) -c -s'
LD='/usr/libexec/gcc/i686-apple-darwin10/4.2.1/ld'
LDFLAGS=''
LIBNFC_CFLAGS='-I$(top_srcdir)/libnfc -I$(top_builddir)/include -I$(top_srcdir)/include'
LIBOBJS=''
LIBS=''
LIBTOOL='$(SHELL) $(top_builddir)/libtool'
LIBUSB_ENABLED_FALSE='#'
LIBUSB_ENABLED_TRUE=''
LIPO='lipo'
LN_S='ln -s'
LTLIBOBJS=''
MAKEINFO='${SHELL} /Users/johnno/workspace/NFC/CocoaTag/CocoaTag/deps/libnfc-1.4.1/missing --run makeinfo'
MKDIR_P='./install-sh -c -d'
NM='/usr/bin/nm'
NMEDIT='nmedit'
OBJDUMP='false'
OBJEXT='o'
OTOOL64=':'
OTOOL='otool'
PACKAGE='libnfc'
PACKAGE_BUGREPORT='info@libnfc.org'
PACKAGE_NAME='libnfc'
PACKAGE_STRING='libnfc 1.4.1'
PACKAGE_TARNAME='libnfc'
PACKAGE_URL=''
PACKAGE_VERSION='1.4.1'
PATH_SEPARATOR=':'
PCSC_ENABLED_FALSE='#'
PCSC_ENABLED_TRUE=''
PKG_CONFIG='/usr/local/bin/pkg-config'
PKG_CONFIG_LIBDIR=''
PKG_CONFIG_PATH=''
PKG_CONFIG_REQUIRES=' libusb'
POSIX_ONLY_EXAMPLES_ENABLED_FALSE='#'
POSIX_ONLY_EXAMPLES_ENABLED_TRUE=''
RANLIB='ranlib'
READLINE_INCLUDES='-I/usr/include/readline'
READLINE_LIBS=' -lreadline'
SED='/usr/bin/sed'
SET_MAKE=''
SHELL='/bin/sh'
STRIP='strip'
VERSION='1.4.1'
WITH_CUTTER_FALSE=''
WITH_CUTTER_TRUE='#'
ac_ct_CC='gcc'
ac_ct_DUMPBIN=''
am__EXEEXT_FALSE=''
am__EXEEXT_TRUE='#'
am__fastdepCC_FALSE='#'
am__fastdepCC_TRUE=''
am__include='include'
am__isrc=''
am__leading_dot='.'
am__quote=''
am__tar='${AMTAR} chof - "$$tardir"'
am__untar='${AMTAR} xf -'
bindir='${exec_prefix}/bin'
build='x86_64-apple-darwin10.6.0'
build_alias=''
build_cpu='x86_64'
build_os='darwin10.6.0'
build_vendor='apple'
datadir='${datarootdir}'
datarootdir='${prefix}/share'
docdir='${datarootdir}/doc/${PACKAGE_TARNAME}'
dvidir='${docdir}'
exec_prefix='${prefix}'
host='x86_64-apple-darwin10.6.0'
host_alias=''
host_cpu='x86_64'
host_os='darwin10.6.0'
host_vendor='apple'
htmldir='${docdir}'
includedir='${prefix}/include'
infodir='${datarootdir}/info'
install_sh='${SHELL} /Users/johnno/workspace/NFC/CocoaTag/CocoaTag/deps/libnfc-1.4.1/install-sh'
libdir='${exec_prefix}/lib'
libexecdir='${exec_prefix}/libexec'
libpcsclite_CFLAGS='-I/System/Library/Frameworks/PCSC.framework/Headers'
libpcsclite_LIBS='-Wl,-framework,PCSC'
libusb_CFLAGS='-I/usr/local/Cellar/libusb-compat/0.1.3/include  '
libusb_CONFIG=''
libusb_LIBS='-L/usr/local/Cellar/libusb-compat/0.1.3/lib -lusb  '
localedir='${datarootdir}/locale'
localstatedir='${prefix}/var'
lt_ECHO='/bin/echo'
mandir='${datarootdir}/man'
mkdir_p='$(top_builddir)/./install-sh -c -d'
oldincludedir='/usr/include'
pdfdir='${docdir}'
prefix='/usr/local'
program_transform_name='s,x,x,'
psdir='${docdir}'
sbindir='${exec_prefix}/sbin'
sharedstatedir='${prefix}/com'
sysconfdir='${prefix}/etc'
target_alias=''

## ----------- ##
## confdefs.h. ##
## ----------- ##

/* confdefs.h */
#define PACKAGE_NAME "libnfc"
#define PACKAGE_TARNAME "libnfc"
#define PACKAGE_VERSION "1.4.1"
#define PACKAGE_STRING "libnfc 1.4.1"
#define PACKAGE_BUGREPORT "info@libnfc.org"
#define PACKAGE_URL ""
#define SVN_REVISION "869"
#define PACKAGE "libnfc"
#define VERSION "1.4.1"
#define STDC_HEADERS 1
#define HAVE_SYS_TYPES_H 1
#define HAVE_SYS_STAT_H 1
#define HAVE_STDLIB_H 1
#define HAVE_STRING_H 1
#define HAVE_MEMORY_H 1
#define HAVE_STRINGS_H 1
#define HAVE_INTTYPES_H 1
#define HAVE_STDINT_H 1
#define HAVE_UNISTD_H 1
#define HAVE_DLFCN_H 1
#define LT_OBJDIR ".libs/"
#define STDC_HEADERS 1
#define HAVE__BOOL 1
#define HAVE_STDBOOL_H 1
#define HAVE_FCNTL_H 1
#define HAVE_LIMITS_H 1
#define HAVE_STDIO_H 1
#define HAVE_STDLIB_H 1
#define HAVE_STDINT_H 1
#define HAVE_STDDEF_H 1
#define HAVE_STDBOOL_H 1
#define HAVE_SYS_IOCTL_H 1
#define HAVE_SYS_PARAM_H 1
#define HAVE_SYS_TIME_H 1
#define HAVE_TERMIOS_H 1
#define HAVE_MEMMOVE 1
#define _XOPEN_SOURCE 600
#define HAVE_MEMSET 1
#define _XOPEN_SOURCE 600
#define HAVE_SELECT 1
#define _XOPEN_SOURCE 600
#define HAVE_STRDUP 1
#define _XOPEN_SOURCE 600
#define HAVE_STRERROR 1
#define _XOPEN_SOURCE 600
#define HAVE_STRSTR 1
#define _XOPEN_SOURCE 600
#define HAVE_STRTOL 1
#define _XOPEN_SOURCE 600
#define HAVE_USLEEP 1
#define _XOPEN_SOURCE 600
#define _NETBSD_SOURCE 1
#define _DARWIN_C_SOURCE 1
#define RETSIGTYPE void
#define HAVE_READLINE 1

configure: exit 0
