This file contains any messages produced by compilers while
running configure, to aid debugging if configure makes a mistake.

It was created by libfreefare configure 0.2.0, which was
generated by GNU Autoconf 2.65.  Invocation command line was

  $ ./configure CFLAGS=-DHAVE_LIBCRYPTO --no-create --no-recursion

## --------- ##
## Platform. ##
## --------- ##

hostname = johnno.local
uname -m = i386
uname -r = 10.6.0
uname -s = Darwin
uname -v = Darwin Kernel Version 10.6.0: Wed Nov 10 18:13:17 PST 2010; root:xnu-1504.9.26~3/RELEASE_I386

/usr/bin/uname -p = i386
/bin/uname -X     = unknown

/bin/arch              = unknown
/usr/bin/arch -k       = unknown
/usr/convex/getsysinfo = unknown
/usr/bin/hostinfo      = Mach kernel version:
	 Darwin Kernel Version 10.6.0: Wed Nov 10 18:13:17 PST 2010; root:xnu-1504.9.26~3/RELEASE_I386
Kernel configured for up to 2 processors.
2 processors are physically available.
2 processors are logically available.
Processor type: i486 (Intel 80486)
Processors active: 0 1
Primary memory available: 4.00 gigabytes
Default processor set: 126 tasks, 524 threads, 2 processors
Load average: 1.00, Mach factor: 1.16
/bin/machine           = unknown
/usr/bin/oslevel       = unknown
/bin/universe          = unknown

PATH: /Users/johnno/.rvm/gems/ruby-1.9.2-p0/bin
PATH: /Users/johnno/.rvm/gems/ruby-1.9.2-p0@global/bin
PATH: /Users/johnno/.rvm/rubies/ruby-1.9.2-p0/bin
PATH: /Users/johnno/.rvm/bin
PATH: /Library/Frameworks/Python.framework/Versions/2.6/bin
PATH: /Users/johnno/android/android-sdk-mac_x86-1.5_r3/tools
PATH: /Library/PostgreSQL/8.4/bin/
PATH: /usr/local/mysql/bin
PATH: /usr/local/bin
PATH: /usr/local/sbin
PATH: /usr/bin
PATH: /bin
PATH: /usr/sbin
PATH: /sbin
PATH: /usr/X11/bin
PATH: /Users/johnno/.madde/0.6.14/bin/


## ----------- ##
## Core tests. ##
## ----------- ##

configure:2685: checking for gcc
configure:2701: found /usr/bin/gcc
configure:2712: result: gcc
configure:2941: checking for C compiler version
configure:2950: gcc --version >&5
i686-apple-darwin10-gcc-4.2.1 (GCC) 4.2.1 (Apple Inc. build 5664)
Copyright (C) 2007 Free Software Foundation, Inc.
This is free software; see the source for copying conditions.  There is NO
warranty; not even for MERCHANTABILITY or FITNESS FOR A PARTICULAR PURPOSE.

configure:2961: $? = 0
configure:2950: gcc -v >&5
Using built-in specs.
Target: i686-apple-darwin10
Configured with: /var/tmp/gcc/gcc-5664~105/src/configure --disable-checking --enable-werror --prefix=/usr --mandir=/share/man --enable-languages=c,objc,c++,obj-c++ --program-transform-name=/^[cg][^.-]*$/s/$/-4.2/ --with-slibdir=/usr/lib --build=i686-apple-darwin10 --program-prefix=i686-apple-darwin10- --host=x86_64-apple-darwin10 --target=i686-apple-darwin10 --with-gxx-include-dir=/include/c++/4.2.1
Thread model: posix
gcc version 4.2.1 (Apple Inc. build 5664)
configure:2961: $? = 0
configure:2950: gcc -V >&5
gcc-4.2: argument to `-V' is missing
configure:2961: $? = 1
configure:2950: gcc -qversion >&5
i686-apple-darwin10-gcc-4.2.1: no input files
configure:2961: $? = 1
configure:2981: checking whether the C compiler works
configure:3003: gcc -DHAVE_LIBCRYPTO   conftest.c  >&5
configure:3007: $? = 0
configure:3056: result: yes
configure:3059: checking for C compiler default output file name
configure:3061: result: a.out
configure:3067: checking for suffix of executables
configure:3074: gcc -o conftest -DHAVE_LIBCRYPTO   conftest.c  >&5
configure:3078: $? = 0
configure:3100: result: 
configure:3122: checking whether we are cross compiling
configure:3130: gcc -o conftest -DHAVE_LIBCRYPTO   conftest.c  >&5
configure:3134: $? = 0
configure:3141: ./conftest
configure:3145: $? = 0
configure:3160: result: no
configure:3165: checking for suffix of object files
configure:3187: gcc -c -DHAVE_LIBCRYPTO  conftest.c >&5
configure:3191: $? = 0
configure:3212: result: o
configure:3216: checking whether we are using the GNU C compiler
configure:3235: gcc -c -DHAVE_LIBCRYPTO  conftest.c >&5
configure:3235: $? = 0
configure:3244: result: yes
configure:3253: checking whether gcc accepts -g
configure:3273: gcc -c -g  conftest.c >&5
configure:3273: $? = 0
configure:3314: result: yes
configure:3331: checking for gcc option to accept ISO C89
configure:3395: gcc  -c -DHAVE_LIBCRYPTO  conftest.c >&5
configure:3395: $? = 0
configure:3408: result: none needed
configure:3486: checking for g++
configure:3502: found /usr/bin/g++
configure:3513: result: g++
configure:3540: checking for C++ compiler version
configure:3549: g++ --version >&5
i686-apple-darwin10-g++-4.2.1 (GCC) 4.2.1 (Apple Inc. build 5664)
Copyright (C) 2007 Free Software Foundation, Inc.
This is free software; see the source for copying conditions.  There is NO
warranty; not even for MERCHANTABILITY or FITNESS FOR A PARTICULAR PURPOSE.

configure:3560: $? = 0
configure:3549: g++ -v >&5
Using built-in specs.
Target: i686-apple-darwin10
Configured with: /var/tmp/gcc/gcc-5664~105/src/configure --disable-checking --enable-werror --prefix=/usr --mandir=/share/man --enable-languages=c,objc,c++,obj-c++ --program-transform-name=/^[cg][^.-]*$/s/$/-4.2/ --with-slibdir=/usr/lib --build=i686-apple-darwin10 --program-prefix=i686-apple-darwin10- --host=x86_64-apple-darwin10 --target=i686-apple-darwin10 --with-gxx-include-dir=/include/c++/4.2.1
Thread model: posix
gcc version 4.2.1 (Apple Inc. build 5664)
configure:3560: $? = 0
configure:3549: g++ -V >&5
g++-4.2: argument to `-V' is missing
configure:3560: $? = 1
configure:3549: g++ -qversion >&5
i686-apple-darwin10-g++-4.2.1: no input files
configure:3560: $? = 1
configure:3564: checking whether we are using the GNU C++ compiler
configure:3583: g++ -c   conftest.cpp >&5
configure:3583: $? = 0
configure:3592: result: yes
configure:3601: checking whether g++ accepts -g
configure:3621: g++ -c -g  conftest.cpp >&5
configure:3621: $? = 0
configure:3662: result: yes
configure:3738: checking build system type
configure:3752: result: i386-apple-darwin10.6.0
configure:3772: checking host system type
configure:3785: result: i386-apple-darwin10.6.0
configure:3805: checking for a sed that does not truncate output
configure:3869: result: /usr/bin/sed
configure:3887: checking for grep that handles long lines and -e
configure:3945: result: /usr/bin/grep
configure:3950: checking for egrep
configure:4012: result: /usr/bin/grep -E
configure:4017: checking for fgrep
configure:4079: result: /usr/bin/grep -F
configure:4114: checking for ld used by gcc
configure:4181: result: /usr/libexec/gcc/i686-apple-darwin10/4.2.1/ld
configure:4188: checking if the linker (/usr/libexec/gcc/i686-apple-darwin10/4.2.1/ld) is GNU ld
configure:4203: result: no
configure:4215: checking for BSD- or MS-compatible name lister (nm)
configure:4264: result: /usr/bin/nm
configure:4382: checking the name lister (/usr/bin/nm) interface
configure:4389: gcc -c -DHAVE_LIBCRYPTO  conftest.c >&5
configure:4392: /usr/bin/nm "conftest.o"
configure:4395: output
0000000000000000 D _some_variable
configure:4402: result: BSD nm
configure:4405: checking whether ln -s works
configure:4409: result: yes
configure:4417: checking the maximum length of command line arguments
configure:4537: result: 196608
configure:4554: checking whether the shell understands some XSI constructs
configure:4564: result: yes
configure:4568: checking whether the shell understands "+="
configure:4574: result: yes
configure:4609: checking for /usr/libexec/gcc/i686-apple-darwin10/4.2.1/ld option to reload object files
configure:4616: result: -r
configure:4643: checking how to recognize dependent libraries
configure:4833: result: pass_all
configure:4893: checking for ar
configure:4909: found /usr/bin/ar
configure:4920: result: ar
configure:4998: checking for strip
configure:5014: found /usr/bin/strip
configure:5025: result: strip
configure:5097: checking for ranlib
configure:5113: found /usr/bin/ranlib
configure:5124: result: ranlib
configure:5214: checking command to parse /usr/bin/nm output from gcc object
configure:5332: gcc -c -DHAVE_LIBCRYPTO  conftest.c >&5
configure:5335: $? = 0
configure:5339: /usr/bin/nm conftest.o \| sed -n -e 's/^.*[	 ]\([BCDEGRST][BCDEGRST]*\)[	 ][	 ]*\([_A-Za-z][_A-Za-z0-9]*\)$/\1 \2 \2/p' \> conftest.nm
configure:5342: $? = 0
cannot find nm_test_var in conftest.nm
configure:5332: gcc -c -DHAVE_LIBCRYPTO  conftest.c >&5
configure:5335: $? = 0
configure:5339: /usr/bin/nm conftest.o \| sed -n -e 's/^.*[	 ]\([BCDEGRST][BCDEGRST]*\)[	 ][	 ]*_\([_A-Za-z][_A-Za-z0-9]*\)$/\1 _\2 \2/p' \> conftest.nm
configure:5342: $? = 0
configure:5396: gcc -o conftest -DHAVE_LIBCRYPTO   conftest.c conftstm.o >&5
configure:5399: $? = 0
configure:5437: result: ok
configure:5702: checking for dsymutil
configure:5718: found /usr/bin/dsymutil
configure:5729: result: dsymutil
configure:5794: checking for nmedit
configure:5810: found /usr/bin/nmedit
configure:5821: result: nmedit
configure:5886: checking for lipo
configure:5902: found /usr/bin/lipo
configure:5913: result: lipo
configure:5978: checking for otool
configure:5994: found /usr/bin/otool
configure:6005: result: otool
configure:6070: checking for otool64
configure:6100: result: no
configure:6145: checking for -single_module linker flag
gcc -DHAVE_LIBCRYPTO  -o libconftest.dylib -dynamiclib -Wl,-single_module conftest.c
configure:6172: result: yes
configure:6174: checking for -exported_symbols_list linker flag
configure:6194: gcc -o conftest -DHAVE_LIBCRYPTO   -Wl,-exported_symbols_list,conftest.sym conftest.c  >&5
configure:6194: $? = 0
configure:6204: result: yes
configure:6246: checking how to run the C preprocessor
configure:6277: gcc -E  conftest.c
configure:6277: $? = 0
configure:6291: gcc -E  conftest.c
conftest.c:9:28: error: ac_nonexistent.h: No such file or directory
configure:6291: $? = 1
configure: failed program was:
| /* confdefs.h */
| #define PACKAGE_NAME "libfreefare"
| #define PACKAGE_TARNAME "libfreefare"
| #define PACKAGE_VERSION "0.2.0"
| #define PACKAGE_STRING "libfreefare 0.2.0"
| #define PACKAGE_BUGREPORT ""
| #define PACKAGE_URL ""
| /* end confdefs.h.  */
| #include <ac_nonexistent.h>
configure:6316: result: gcc -E
configure:6336: gcc -E  conftest.c
configure:6336: $? = 0
configure:6350: gcc -E  conftest.c
conftest.c:9:28: error: ac_nonexistent.h: No such file or directory
configure:6350: $? = 1
configure: failed program was:
| /* confdefs.h */
| #define PACKAGE_NAME "libfreefare"
| #define PACKAGE_TARNAME "libfreefare"
| #define PACKAGE_VERSION "0.2.0"
| #define PACKAGE_STRING "libfreefare 0.2.0"
| #define PACKAGE_BUGREPORT ""
| #define PACKAGE_URL ""
| /* end confdefs.h.  */
| #include <ac_nonexistent.h>
configure:6379: checking for ANSI C header files
configure:6399: gcc -c -DHAVE_LIBCRYPTO  conftest.c >&5
configure:6399: $? = 0
configure:6472: gcc -o conftest -DHAVE_LIBCRYPTO   conftest.c  >&5
configure:6472: $? = 0
configure:6472: ./conftest
configure:6472: $? = 0
configure:6483: result: yes
configure:6496: checking for sys/types.h
configure:6496: gcc -c -DHAVE_LIBCRYPTO  conftest.c >&5
configure:6496: $? = 0
configure:6496: result: yes
configure:6496: checking for sys/stat.h
configure:6496: gcc -c -DHAVE_LIBCRYPTO  conftest.c >&5
configure:6496: $? = 0
configure:6496: result: yes
configure:6496: checking for stdlib.h
configure:6496: gcc -c -DHAVE_LIBCRYPTO  conftest.c >&5
configure:6496: $? = 0
configure:6496: result: yes
configure:6496: checking for string.h
configure:6496: gcc -c -DHAVE_LIBCRYPTO  conftest.c >&5
configure:6496: $? = 0
configure:6496: result: yes
configure:6496: checking for memory.h
configure:6496: gcc -c -DHAVE_LIBCRYPTO  conftest.c >&5
configure:6496: $? = 0
configure:6496: result: yes
configure:6496: checking for strings.h
configure:6496: gcc -c -DHAVE_LIBCRYPTO  conftest.c >&5
configure:6496: $? = 0
configure:6496: result: yes
configure:6496: checking for inttypes.h
configure:6496: gcc -c -DHAVE_LIBCRYPTO  conftest.c >&5
configure:6496: $? = 0
configure:6496: result: yes
configure:6496: checking for stdint.h
configure:6496: gcc -c -DHAVE_LIBCRYPTO  conftest.c >&5
configure:6496: $? = 0
configure:6496: result: yes
configure:6496: checking for unistd.h
configure:6496: gcc -c -DHAVE_LIBCRYPTO  conftest.c >&5
configure:6496: $? = 0
configure:6496: result: yes
configure:6511: checking for dlfcn.h
configure:6511: gcc -c -DHAVE_LIBCRYPTO  conftest.c >&5
configure:6511: $? = 0
configure:6511: result: yes
configure:6636: checking for C++ compiler version
configure:6645: g++ --version >&5
i686-apple-darwin10-g++-4.2.1 (GCC) 4.2.1 (Apple Inc. build 5664)
Copyright (C) 2007 Free Software Foundation, Inc.
This is free software; see the source for copying conditions.  There is NO
warranty; not even for MERCHANTABILITY or FITNESS FOR A PARTICULAR PURPOSE.

configure:6656: $? = 0
configure:6645: g++ -v >&5
Using built-in specs.
Target: i686-apple-darwin10
Configured with: /var/tmp/gcc/gcc-5664~105/src/configure --disable-checking --enable-werror --prefix=/usr --mandir=/share/man --enable-languages=c,objc,c++,obj-c++ --program-transform-name=/^[cg][^.-]*$/s/$/-4.2/ --with-slibdir=/usr/lib --build=i686-apple-darwin10 --program-prefix=i686-apple-darwin10- --host=x86_64-apple-darwin10 --target=i686-apple-darwin10 --with-gxx-include-dir=/include/c++/4.2.1
Thread model: posix
gcc version 4.2.1 (Apple Inc. build 5664)
configure:6656: $? = 0
configure:6645: g++ -V >&5
g++-4.2: argument to `-V' is missing
configure:6656: $? = 1
configure:6645: g++ -qversion >&5
i686-apple-darwin10-g++-4.2.1: no input files
configure:6656: $? = 1
configure:6660: checking whether we are using the GNU C++ compiler
configure:6688: result: yes
configure:6697: checking whether g++ accepts -g
configure:6758: result: yes
configure:6789: checking how to run the C++ preprocessor
configure:6816: g++ -E  conftest.cpp
configure:6816: $? = 0
configure:6830: g++ -E  conftest.cpp
conftest.cpp:20:28: error: ac_nonexistent.h: No such file or directory
configure:6830: $? = 1
configure: failed program was:
| /* confdefs.h */
| #define PACKAGE_NAME "libfreefare"
| #define PACKAGE_TARNAME "libfreefare"
| #define PACKAGE_VERSION "0.2.0"
| #define PACKAGE_STRING "libfreefare 0.2.0"
| #define PACKAGE_BUGREPORT ""
| #define PACKAGE_URL ""
| #define STDC_HEADERS 1
| #define HAVE_SYS_TYPES_H 1
| #define HAVE_SYS_STAT_H 1
| #define HAVE_STDLIB_H 1
| #define HAVE_STRING_H 1
| #define HAVE_MEMORY_H 1
| #define HAVE_STRINGS_H 1
| #define HAVE_INTTYPES_H 1
| #define HAVE_STDINT_H 1
| #define HAVE_UNISTD_H 1
| #define HAVE_DLFCN_H 1
| /* end confdefs.h.  */
| #include <ac_nonexistent.h>
configure:6855: result: g++ -E
configure:6875: g++ -E  conftest.cpp
configure:6875: $? = 0
configure:6889: g++ -E  conftest.cpp
conftest.cpp:20:28: error: ac_nonexistent.h: No such file or directory
configure:6889: $? = 1
configure: failed program was:
| /* confdefs.h */
| #define PACKAGE_NAME "libfreefare"
| #define PACKAGE_TARNAME "libfreefare"
| #define PACKAGE_VERSION "0.2.0"
| #define PACKAGE_STRING "libfreefare 0.2.0"
| #define PACKAGE_BUGREPORT ""
| #define PACKAGE_URL ""
| #define STDC_HEADERS 1
| #define HAVE_SYS_TYPES_H 1
| #define HAVE_SYS_STAT_H 1
| #define HAVE_STDLIB_H 1
| #define HAVE_STRING_H 1
| #define HAVE_MEMORY_H 1
| #define HAVE_STRINGS_H 1
| #define HAVE_INTTYPES_H 1
| #define HAVE_STDINT_H 1
| #define HAVE_UNISTD_H 1
| #define HAVE_DLFCN_H 1
| /* end confdefs.h.  */
| #include <ac_nonexistent.h>
configure:7095: checking for objdir
configure:7110: result: .libs
configure:7406: checking if gcc supports -fno-rtti -fno-exceptions
configure:7424: gcc -c -DHAVE_LIBCRYPTO  -fno-rtti -fno-exceptions conftest.c >&5
cc1: warning: command line option "-fno-rtti" is valid for C++/ObjC++ but not for C
configure:7428: $? = 0
configure:7441: result: no
configure:7461: checking for gcc option to produce PIC
configure:7718: result: -fno-common -DPIC
configure:7730: checking if gcc PIC flag -fno-common -DPIC works
configure:7748: gcc -c -DHAVE_LIBCRYPTO  -fno-common -DPIC -DPIC conftest.c >&5
configure:7752: $? = 0
configure:7765: result: yes
configure:7789: checking if gcc static flag -static works
configure:7817: result: no
configure:7832: checking if gcc supports -c -o file.o
configure:7853: gcc -c -DHAVE_LIBCRYPTO  -o out/conftest2.o conftest.c >&5
configure:7857: $? = 0
configure:7879: result: yes
configure:7887: checking if gcc supports -c -o file.o
configure:7934: result: yes
configure:7967: checking whether the gcc linker (/usr/libexec/gcc/i686-apple-darwin10/4.2.1/ld) supports shared libraries
configure:8945: result: yes
configure:9184: checking dynamic linker characteristics
configure:9835: result: darwin10.6.0 dyld
configure:9937: checking how to hardcode library paths into programs
configure:9962: result: immediate
configure:10490: checking whether stripping libraries is possible
configure:10504: result: yes
configure:10530: checking if libtool supports shared libraries
configure:10532: result: yes
configure:10535: checking whether to build shared libraries
configure:10556: result: yes
configure:10559: checking whether to build static libraries
configure:10563: result: yes
configure:10713: checking for ld used by g++
configure:10780: result: /usr/libexec/gcc/i686-apple-darwin10/4.2.1/ld
configure:10787: checking if the linker (/usr/libexec/gcc/i686-apple-darwin10/4.2.1/ld) is GNU ld
configure:10802: result: no
configure:10857: checking whether the g++ linker (/usr/libexec/gcc/i686-apple-darwin10/4.2.1/ld) supports shared libraries
configure:11765: result: yes
configure:11793: g++ -c -g -O2  conftest.cpp >&5
configure:11796: $? = 0
configure:11978: checking for g++ option to produce PIC
configure:12287: result: -fno-common -DPIC
configure:12296: checking if g++ PIC flag -fno-common -DPIC works
configure:12314: g++ -c -g -O2  -fno-common -DPIC -DPIC conftest.cpp >&5
configure:12318: $? = 0
configure:12331: result: yes
configure:12352: checking if g++ static flag -static works
configure:12380: result: no
configure:12392: checking if g++ supports -c -o file.o
configure:12413: g++ -c -g -O2  -o out/conftest2.o conftest.cpp >&5
configure:12417: $? = 0
configure:12439: result: yes
configure:12444: checking if g++ supports -c -o file.o
configure:12491: result: yes
configure:12521: checking whether the g++ linker (/usr/libexec/gcc/i686-apple-darwin10/4.2.1/ld) supports shared libraries
configure:12547: result: yes
configure:12684: checking dynamic linker characteristics
configure:13283: result: darwin10.6.0 dyld
configure:13334: checking how to hardcode library paths into programs
configure:13359: result: immediate
configure:13437: checking for a BSD-compatible install
configure:13505: result: /usr/bin/install -c
configure:13516: checking whether build environment is sane
configure:13566: result: yes
configure:13707: checking for a thread-safe mkdir -p
configure:13746: result: ./install-sh -c -d
configure:13759: checking for gawk
configure:13789: result: no
configure:13759: checking for mawk
configure:13789: result: no
configure:13759: checking for nawk
configure:13789: result: no
configure:13759: checking for awk
configure:13775: found /usr/bin/awk
configure:13786: result: awk
configure:13797: checking whether make sets $(MAKE)
configure:13819: result: yes
configure:13849: checking for style of include used by make
configure:13877: result: GNU
configure:13962: checking dependency style of gcc
configure:14072: result: gcc3
configure:14089: checking dependency style of g++
configure:14199: result: gcc3
configure:14299: checking for inline
configure:14315: gcc -c -DHAVE_LIBCRYPTO  conftest.c >&5
configure:14315: $? = 0
configure:14323: result: inline
configure:14341: checking for stdbool.h that conforms to C99
configure:14426: gcc -c -DHAVE_LIBCRYPTO  conftest.c >&5
configure:14426: $? = 0
configure:14433: result: yes
configure:14435: checking for _Bool
configure:14435: gcc -c -DHAVE_LIBCRYPTO  conftest.c >&5
configure:14435: $? = 0
configure:14435: gcc -c -DHAVE_LIBCRYPTO  conftest.c >&5
conftest.c: In function 'main':
conftest.c:59: error: expected expression before ')' token
configure:14435: $? = 1
configure: failed program was:
| /* confdefs.h */
| #define PACKAGE_NAME "libfreefare"
| #define PACKAGE_TARNAME "libfreefare"
| #define PACKAGE_VERSION "0.2.0"
| #define PACKAGE_STRING "libfreefare 0.2.0"
| #define PACKAGE_BUGREPORT ""
| #define PACKAGE_URL ""
| #define STDC_HEADERS 1
| #define HAVE_SYS_TYPES_H 1
| #define HAVE_SYS_STAT_H 1
| #define HAVE_STDLIB_H 1
| #define HAVE_STRING_H 1
| #define HAVE_MEMORY_H 1
| #define HAVE_STRINGS_H 1
| #define HAVE_INTTYPES_H 1
| #define HAVE_STDINT_H 1
| #define HAVE_UNISTD_H 1
| #define HAVE_DLFCN_H 1
| #define LT_OBJDIR ".libs/"
| #define PACKAGE "libfreefare"
| #define VERSION "0.2.0"
| /* end confdefs.h.  */
| #include <stdio.h>
| #ifdef HAVE_SYS_TYPES_H
| # include <sys/types.h>
| #endif
| #ifdef HAVE_SYS_STAT_H
| # include <sys/stat.h>
| #endif
| #ifdef STDC_HEADERS
| # include <stdlib.h>
| # include <stddef.h>
| #else
| # ifdef HAVE_STDLIB_H
| #  include <stdlib.h>
| # endif
| #endif
| #ifdef HAVE_STRING_H
| # if !defined STDC_HEADERS && defined HAVE_MEMORY_H
| #  include <memory.h>
| # endif
| # include <string.h>
| #endif
| #ifdef HAVE_STRINGS_H
| # include <strings.h>
| #endif
| #ifdef HAVE_INTTYPES_H
| # include <inttypes.h>
| #endif
| #ifdef HAVE_STDINT_H
| # include <stdint.h>
| #endif
| #ifdef HAVE_UNISTD_H
| # include <unistd.h>
| #endif
| int
| main ()
| {
| if (sizeof ((_Bool)))
| 	    return 0;
|   ;
|   return 0;
| }
configure:14435: result: yes
configure:14451: checking for int16_t
configure:14451: gcc -c -DHAVE_LIBCRYPTO  conftest.c >&5
conftest.c: In function 'main':
conftest.c:61: error: expected ')' before ';' token
conftest.c:62: error: expected expression before ']' token
configure:14451: $? = 1
configure: failed program was:
| /* confdefs.h */
| #define PACKAGE_NAME "libfreefare"
| #define PACKAGE_TARNAME "libfreefare"
| #define PACKAGE_VERSION "0.2.0"
| #define PACKAGE_STRING "libfreefare 0.2.0"
| #define PACKAGE_BUGREPORT ""
| #define PACKAGE_URL ""
| #define STDC_HEADERS 1
| #define HAVE_SYS_TYPES_H 1
| #define HAVE_SYS_STAT_H 1
| #define HAVE_STDLIB_H 1
| #define HAVE_STRING_H 1
| #define HAVE_MEMORY_H 1
| #define HAVE_STRINGS_H 1
| #define HAVE_INTTYPES_H 1
| #define HAVE_STDINT_H 1
| #define HAVE_UNISTD_H 1
| #define HAVE_DLFCN_H 1
| #define LT_OBJDIR ".libs/"
| #define PACKAGE "libfreefare"
| #define VERSION "0.2.0"
| #define HAVE__BOOL 1
| #define HAVE_STDBOOL_H 1
| /* end confdefs.h.  */
| #include <stdio.h>
| #ifdef HAVE_SYS_TYPES_H
| # include <sys/types.h>
| #endif
| #ifdef HAVE_SYS_STAT_H
| # include <sys/stat.h>
| #endif
| #ifdef STDC_HEADERS
| # include <stdlib.h>
| # include <stddef.h>
| #else
| # ifdef HAVE_STDLIB_H
| #  include <stdlib.h>
| # endif
| #endif
| #ifdef HAVE_STRING_H
| # if !defined STDC_HEADERS && defined HAVE_MEMORY_H
| #  include <memory.h>
| # endif
| # include <string.h>
| #endif
| #ifdef HAVE_STRINGS_H
| # include <strings.h>
| #endif
| #ifdef HAVE_INTTYPES_H
| # include <inttypes.h>
| #endif
| #ifdef HAVE_STDINT_H
| # include <stdint.h>
| #endif
| #ifdef HAVE_UNISTD_H
| # include <unistd.h>
| #endif
| int
| main ()
| {
| static int test_array [1 - 2 * !(enum { N = 16 / 2 - 1 };
| 	     0 < (int16_t) (((((int16_t) 1 << N) << N) - 1) * 2 + 1))];
| test_array [0] = 0
| 
|   ;
|   return 0;
| }
configure:14451: gcc -c -DHAVE_LIBCRYPTO  conftest.c >&5
conftest.c: In function 'main':
conftest.c:61: error: expected ')' before ';' token
conftest.c:62: error: expected expression before ']' token
configure:14451: $? = 1
configure: failed program was:
| /* confdefs.h */
| #define PACKAGE_NAME "libfreefare"
| #define PACKAGE_TARNAME "libfreefare"
| #define PACKAGE_VERSION "0.2.0"
| #define PACKAGE_STRING "libfreefare 0.2.0"
| #define PACKAGE_BUGREPORT ""
| #define PACKAGE_URL ""
| #define STDC_HEADERS 1
| #define HAVE_SYS_TYPES_H 1
| #define HAVE_SYS_STAT_H 1
| #define HAVE_STDLIB_H 1
| #define HAVE_STRING_H 1
| #define HAVE_MEMORY_H 1
| #define HAVE_STRINGS_H 1
| #define HAVE_INTTYPES_H 1
| #define HAVE_STDINT_H 1
| #define HAVE_UNISTD_H 1
| #define HAVE_DLFCN_H 1
| #define LT_OBJDIR ".libs/"
| #define PACKAGE "libfreefare"
| #define VERSION "0.2.0"
| #define HAVE__BOOL 1
| #define HAVE_STDBOOL_H 1
| /* end confdefs.h.  */
| #include <stdio.h>
| #ifdef HAVE_SYS_TYPES_H
| # include <sys/types.h>
| #endif
| #ifdef HAVE_SYS_STAT_H
| # include <sys/stat.h>
| #endif
| #ifdef STDC_HEADERS
| # include <stdlib.h>
| # include <stddef.h>
| #else
| # ifdef HAVE_STDLIB_H
| #  include <stdlib.h>
| # endif
| #endif
| #ifdef HAVE_STRING_H
| # if !defined STDC_HEADERS && defined HAVE_MEMORY_H
| #  include <memory.h>
| # endif
| # include <string.h>
| #endif
| #ifdef HAVE_STRINGS_H
| # include <strings.h>
| #endif
| #ifdef HAVE_INTTYPES_H
| # include <inttypes.h>
| #endif
| #ifdef HAVE_STDINT_H
| # include <stdint.h>
| #endif
| #ifdef HAVE_UNISTD_H
| # include <unistd.h>
| #endif
| int
| main ()
| {
| static int test_array [1 - 2 * !(enum { N = 16 / 2 - 1 };
| 	     0 < (int) (((((int) 1 << N) << N) - 1) * 2 + 1))];
| test_array [0] = 0
| 
|   ;
|   return 0;
| }
configure:14451: gcc -c -DHAVE_LIBCRYPTO  conftest.c >&5
conftest.c: In function 'main':
conftest.c:61: error: expected ')' before ';' token
conftest.c:62: error: expected expression before ']' token
configure:14451: $? = 1
configure: failed program was:
| /* confdefs.h */
| #define PACKAGE_NAME "libfreefare"
| #define PACKAGE_TARNAME "libfreefare"
| #define PACKAGE_VERSION "0.2.0"
| #define PACKAGE_STRING "libfreefare 0.2.0"
| #define PACKAGE_BUGREPORT ""
| #define PACKAGE_URL ""
| #define STDC_HEADERS 1
| #define HAVE_SYS_TYPES_H 1
| #define HAVE_SYS_STAT_H 1
| #define HAVE_STDLIB_H 1
| #define HAVE_STRING_H 1
| #define HAVE_MEMORY_H 1
| #define HAVE_STRINGS_H 1
| #define HAVE_INTTYPES_H 1
| #define HAVE_STDINT_H 1
| #define HAVE_UNISTD_H 1
| #define HAVE_DLFCN_H 1
| #define LT_OBJDIR ".libs/"
| #define PACKAGE "libfreefare"
| #define VERSION "0.2.0"
| #define HAVE__BOOL 1
| #define HAVE_STDBOOL_H 1
| /* end confdefs.h.  */
| #include <stdio.h>
| #ifdef HAVE_SYS_TYPES_H
| # include <sys/types.h>
| #endif
| #ifdef HAVE_SYS_STAT_H
| # include <sys/stat.h>
| #endif
| #ifdef STDC_HEADERS
| # include <stdlib.h>
| # include <stddef.h>
| #else
| # ifdef HAVE_STDLIB_H
| #  include <stdlib.h>
| # endif
| #endif
| #ifdef HAVE_STRING_H
| # if !defined STDC_HEADERS && defined HAVE_MEMORY_H
| #  include <memory.h>
| # endif
| # include <string.h>
| #endif
| #ifdef HAVE_STRINGS_H
| # include <strings.h>
| #endif
| #ifdef HAVE_INTTYPES_H
| # include <inttypes.h>
| #endif
| #ifdef HAVE_STDINT_H
| # include <stdint.h>
| #endif
| #ifdef HAVE_UNISTD_H
| # include <unistd.h>
| #endif
| int
| main ()
| {
| static int test_array [1 - 2 * !(enum { N = 16 / 2 - 1 };
| 	     0 < (long int) (((((long int) 1 << N) << N) - 1) * 2 + 1))];
| test_array [0] = 0
| 
|   ;
|   return 0;
| }
configure:14451: gcc -c -DHAVE_LIBCRYPTO  conftest.c >&5
conftest.c: In function 'main':
conftest.c:61: error: expected ')' before ';' token
conftest.c:62: error: expected expression before ']' token
configure:14451: $? = 1
configure: failed program was:
| /* confdefs.h */
| #define PACKAGE_NAME "libfreefare"
| #define PACKAGE_TARNAME "libfreefare"
| #define PACKAGE_VERSION "0.2.0"
| #define PACKAGE_STRING "libfreefare 0.2.0"
| #define PACKAGE_BUGREPORT ""
| #define PACKAGE_URL ""
| #define STDC_HEADERS 1
| #define HAVE_SYS_TYPES_H 1
| #define HAVE_SYS_STAT_H 1
| #define HAVE_STDLIB_H 1
| #define HAVE_STRING_H 1
| #define HAVE_MEMORY_H 1
| #define HAVE_STRINGS_H 1
| #define HAVE_INTTYPES_H 1
| #define HAVE_STDINT_H 1
| #define HAVE_UNISTD_H 1
| #define HAVE_DLFCN_H 1
| #define LT_OBJDIR ".libs/"
| #define PACKAGE "libfreefare"
| #define VERSION "0.2.0"
| #define HAVE__BOOL 1
| #define HAVE_STDBOOL_H 1
| /* end confdefs.h.  */
| #include <stdio.h>
| #ifdef HAVE_SYS_TYPES_H
| # include <sys/types.h>
| #endif
| #ifdef HAVE_SYS_STAT_H
| # include <sys/stat.h>
| #endif
| #ifdef STDC_HEADERS
| # include <stdlib.h>
| # include <stddef.h>
| #else
| # ifdef HAVE_STDLIB_H
| #  include <stdlib.h>
| # endif
| #endif
| #ifdef HAVE_STRING_H
| # if !defined STDC_HEADERS && defined HAVE_MEMORY_H
| #  include <memory.h>
| # endif
| # include <string.h>
| #endif
| #ifdef HAVE_STRINGS_H
| # include <strings.h>
| #endif
| #ifdef HAVE_INTTYPES_H
| # include <inttypes.h>
| #endif
| #ifdef HAVE_STDINT_H
| # include <stdint.h>
| #endif
| #ifdef HAVE_UNISTD_H
| # include <unistd.h>
| #endif
| int
| main ()
| {
| static int test_array [1 - 2 * !(enum { N = 16 / 2 - 1 };
| 	     0 < (long long int) (((((long long int) 1 << N) << N) - 1) * 2 + 1))];
| test_array [0] = 0
| 
|   ;
|   return 0;
| }
configure:14451: gcc -c -DHAVE_LIBCRYPTO  conftest.c >&5
conftest.c: In function 'main':
conftest.c:61: error: expected ')' before ';' token
conftest.c:62: error: expected expression before ']' token
configure:14451: $? = 1
configure: failed program was:
| /* confdefs.h */
| #define PACKAGE_NAME "libfreefare"
| #define PACKAGE_TARNAME "libfreefare"
| #define PACKAGE_VERSION "0.2.0"
| #define PACKAGE_STRING "libfreefare 0.2.0"
| #define PACKAGE_BUGREPORT ""
| #define PACKAGE_URL ""
| #define STDC_HEADERS 1
| #define HAVE_SYS_TYPES_H 1
| #define HAVE_SYS_STAT_H 1
| #define HAVE_STDLIB_H 1
| #define HAVE_STRING_H 1
| #define HAVE_MEMORY_H 1
| #define HAVE_STRINGS_H 1
| #define HAVE_INTTYPES_H 1
| #define HAVE_STDINT_H 1
| #define HAVE_UNISTD_H 1
| #define HAVE_DLFCN_H 1
| #define LT_OBJDIR ".libs/"
| #define PACKAGE "libfreefare"
| #define VERSION "0.2.0"
| #define HAVE__BOOL 1
| #define HAVE_STDBOOL_H 1
| /* end confdefs.h.  */
| #include <stdio.h>
| #ifdef HAVE_SYS_TYPES_H
| # include <sys/types.h>
| #endif
| #ifdef HAVE_SYS_STAT_H
| # include <sys/stat.h>
| #endif
| #ifdef STDC_HEADERS
| # include <stdlib.h>
| # include <stddef.h>
| #else
| # ifdef HAVE_STDLIB_H
| #  include <stdlib.h>
| # endif
| #endif
| #ifdef HAVE_STRING_H
| # if !defined STDC_HEADERS && defined HAVE_MEMORY_H
| #  include <memory.h>
| # endif
| # include <string.h>
| #endif
| #ifdef HAVE_STRINGS_H
| # include <strings.h>
| #endif
| #ifdef HAVE_INTTYPES_H
| # include <inttypes.h>
| #endif
| #ifdef HAVE_STDINT_H
| # include <stdint.h>
| #endif
| #ifdef HAVE_UNISTD_H
| # include <unistd.h>
| #endif
| int
| main ()
| {
| static int test_array [1 - 2 * !(enum { N = 16 / 2 - 1 };
| 	     0 < (short int) (((((short int) 1 << N) << N) - 1) * 2 + 1))];
| test_array [0] = 0
| 
|   ;
|   return 0;
| }
configure:14451: gcc -c -DHAVE_LIBCRYPTO  conftest.c >&5
conftest.c: In function 'main':
conftest.c:61: error: expected ')' before ';' token
conftest.c:62: error: expected expression before ']' token
configure:14451: $? = 1
configure: failed program was:
| /* confdefs.h */
| #define PACKAGE_NAME "libfreefare"
| #define PACKAGE_TARNAME "libfreefare"
| #define PACKAGE_VERSION "0.2.0"
| #define PACKAGE_STRING "libfreefare 0.2.0"
| #define PACKAGE_BUGREPORT ""
| #define PACKAGE_URL ""
| #define STDC_HEADERS 1
| #define HAVE_SYS_TYPES_H 1
| #define HAVE_SYS_STAT_H 1
| #define HAVE_STDLIB_H 1
| #define HAVE_STRING_H 1
| #define HAVE_MEMORY_H 1
| #define HAVE_STRINGS_H 1
| #define HAVE_INTTYPES_H 1
| #define HAVE_STDINT_H 1
| #define HAVE_UNISTD_H 1
| #define HAVE_DLFCN_H 1
| #define LT_OBJDIR ".libs/"
| #define PACKAGE "libfreefare"
| #define VERSION "0.2.0"
| #define HAVE__BOOL 1
| #define HAVE_STDBOOL_H 1
| /* end confdefs.h.  */
| #include <stdio.h>
| #ifdef HAVE_SYS_TYPES_H
| # include <sys/types.h>
| #endif
| #ifdef HAVE_SYS_STAT_H
| # include <sys/stat.h>
| #endif
| #ifdef STDC_HEADERS
| # include <stdlib.h>
| # include <stddef.h>
| #else
| # ifdef HAVE_STDLIB_H
| #  include <stdlib.h>
| # endif
| #endif
| #ifdef HAVE_STRING_H
| # if !defined STDC_HEADERS && defined HAVE_MEMORY_H
| #  include <memory.h>
| # endif
| # include <string.h>
| #endif
| #ifdef HAVE_STRINGS_H
| # include <strings.h>
| #endif
| #ifdef HAVE_INTTYPES_H
| # include <inttypes.h>
| #endif
| #ifdef HAVE_STDINT_H
| # include <stdint.h>
| #endif
| #ifdef HAVE_UNISTD_H
| # include <unistd.h>
| #endif
| int
| main ()
| {
| static int test_array [1 - 2 * !(enum { N = 16 / 2 - 1 };
| 	     0 < (signed char) (((((signed char) 1 << N) << N) - 1) * 2 + 1))];
| test_array [0] = 0
| 
|   ;
|   return 0;
| }
configure:14451: result: no
configure:14462: checking for int32_t
configure:14462: gcc -c -DHAVE_LIBCRYPTO  conftest.c >&5
conftest.c: In function 'main':
conftest.c:61: error: expected ')' before ';' token
conftest.c:62: error: expected expression before ']' token
configure:14462: $? = 1
configure: failed program was:
| /* confdefs.h */
| #define PACKAGE_NAME "libfreefare"
| #define PACKAGE_TARNAME "libfreefare"
| #define PACKAGE_VERSION "0.2.0"
| #define PACKAGE_STRING "libfreefare 0.2.0"
| #define PACKAGE_BUGREPORT ""
| #define PACKAGE_URL ""
| #define STDC_HEADERS 1
| #define HAVE_SYS_TYPES_H 1
| #define HAVE_SYS_STAT_H 1
| #define HAVE_STDLIB_H 1
| #define HAVE_STRING_H 1
| #define HAVE_MEMORY_H 1
| #define HAVE_STRINGS_H 1
| #define HAVE_INTTYPES_H 1
| #define HAVE_STDINT_H 1
| #define HAVE_UNISTD_H 1
| #define HAVE_DLFCN_H 1
| #define LT_OBJDIR ".libs/"
| #define PACKAGE "libfreefare"
| #define VERSION "0.2.0"
| #define HAVE__BOOL 1
| #define HAVE_STDBOOL_H 1
| /* end confdefs.h.  */
| #include <stdio.h>
| #ifdef HAVE_SYS_TYPES_H
| # include <sys/types.h>
| #endif
| #ifdef HAVE_SYS_STAT_H
| # include <sys/stat.h>
| #endif
| #ifdef STDC_HEADERS
| # include <stdlib.h>
| # include <stddef.h>
| #else
| # ifdef HAVE_STDLIB_H
| #  include <stdlib.h>
| # endif
| #endif
| #ifdef HAVE_STRING_H
| # if !defined STDC_HEADERS && defined HAVE_MEMORY_H
| #  include <memory.h>
| # endif
| # include <string.h>
| #endif
| #ifdef HAVE_STRINGS_H
| # include <strings.h>
| #endif
| #ifdef HAVE_INTTYPES_H
| # include <inttypes.h>
| #endif
| #ifdef HAVE_STDINT_H
| # include <stdint.h>
| #endif
| #ifdef HAVE_UNISTD_H
| # include <unistd.h>
| #endif
| int
| main ()
| {
| static int test_array [1 - 2 * !(enum { N = 32 / 2 - 1 };
| 	     0 < (int32_t) (((((int32_t) 1 << N) << N) - 1) * 2 + 1))];
| test_array [0] = 0
| 
|   ;
|   return 0;
| }
configure:14462: gcc -c -DHAVE_LIBCRYPTO  conftest.c >&5
conftest.c: In function 'main':
conftest.c:61: error: expected ')' before ';' token
conftest.c:62: error: expected expression before ']' token
configure:14462: $? = 1
configure: failed program was:
| /* confdefs.h */
| #define PACKAGE_NAME "libfreefare"
| #define PACKAGE_TARNAME "libfreefare"
| #define PACKAGE_VERSION "0.2.0"
| #define PACKAGE_STRING "libfreefare 0.2.0"
| #define PACKAGE_BUGREPORT ""
| #define PACKAGE_URL ""
| #define STDC_HEADERS 1
| #define HAVE_SYS_TYPES_H 1
| #define HAVE_SYS_STAT_H 1
| #define HAVE_STDLIB_H 1
| #define HAVE_STRING_H 1
| #define HAVE_MEMORY_H 1
| #define HAVE_STRINGS_H 1
| #define HAVE_INTTYPES_H 1
| #define HAVE_STDINT_H 1
| #define HAVE_UNISTD_H 1
| #define HAVE_DLFCN_H 1
| #define LT_OBJDIR ".libs/"
| #define PACKAGE "libfreefare"
| #define VERSION "0.2.0"
| #define HAVE__BOOL 1
| #define HAVE_STDBOOL_H 1
| /* end confdefs.h.  */
| #include <stdio.h>
| #ifdef HAVE_SYS_TYPES_H
| # include <sys/types.h>
| #endif
| #ifdef HAVE_SYS_STAT_H
| # include <sys/stat.h>
| #endif
| #ifdef STDC_HEADERS
| # include <stdlib.h>
| # include <stddef.h>
| #else
| # ifdef HAVE_STDLIB_H
| #  include <stdlib.h>
| # endif
| #endif
| #ifdef HAVE_STRING_H
| # if !defined STDC_HEADERS && defined HAVE_MEMORY_H
| #  include <memory.h>
| # endif
| # include <string.h>
| #endif
| #ifdef HAVE_STRINGS_H
| # include <strings.h>
| #endif
| #ifdef HAVE_INTTYPES_H
| # include <inttypes.h>
| #endif
| #ifdef HAVE_STDINT_H
| # include <stdint.h>
| #endif
| #ifdef HAVE_UNISTD_H
| # include <unistd.h>
| #endif
| int
| main ()
| {
| static int test_array [1 - 2 * !(enum { N = 32 / 2 - 1 };
| 	     0 < (int) (((((int) 1 << N) << N) - 1) * 2 + 1))];
| test_array [0] = 0
| 
|   ;
|   return 0;
| }
configure:14462: gcc -c -DHAVE_LIBCRYPTO  conftest.c >&5
conftest.c: In function 'main':
conftest.c:61: error: expected ')' before ';' token
conftest.c:62: error: expected expression before ']' token
configure:14462: $? = 1
configure: failed program was:
| /* confdefs.h */
| #define PACKAGE_NAME "libfreefare"
| #define PACKAGE_TARNAME "libfreefare"
| #define PACKAGE_VERSION "0.2.0"
| #define PACKAGE_STRING "libfreefare 0.2.0"
| #define PACKAGE_BUGREPORT ""
| #define PACKAGE_URL ""
| #define STDC_HEADERS 1
| #define HAVE_SYS_TYPES_H 1
| #define HAVE_SYS_STAT_H 1
| #define HAVE_STDLIB_H 1
| #define HAVE_STRING_H 1
| #define HAVE_MEMORY_H 1
| #define HAVE_STRINGS_H 1
| #define HAVE_INTTYPES_H 1
| #define HAVE_STDINT_H 1
| #define HAVE_UNISTD_H 1
| #define HAVE_DLFCN_H 1
| #define LT_OBJDIR ".libs/"
| #define PACKAGE "libfreefare"
| #define VERSION "0.2.0"
| #define HAVE__BOOL 1
| #define HAVE_STDBOOL_H 1
| /* end confdefs.h.  */
| #include <stdio.h>
| #ifdef HAVE_SYS_TYPES_H
| # include <sys/types.h>
| #endif
| #ifdef HAVE_SYS_STAT_H
| # include <sys/stat.h>
| #endif
| #ifdef STDC_HEADERS
| # include <stdlib.h>
| # include <stddef.h>
| #else
| # ifdef HAVE_STDLIB_H
| #  include <stdlib.h>
| # endif
| #endif
| #ifdef HAVE_STRING_H
| # if !defined STDC_HEADERS && defined HAVE_MEMORY_H
| #  include <memory.h>
| # endif
| # include <string.h>
| #endif
| #ifdef HAVE_STRINGS_H
| # include <strings.h>
| #endif
| #ifdef HAVE_INTTYPES_H
| # include <inttypes.h>
| #endif
| #ifdef HAVE_STDINT_H
| # include <stdint.h>
| #endif
| #ifdef HAVE_UNISTD_H
| # include <unistd.h>
| #endif
| int
| main ()
| {
| static int test_array [1 - 2 * !(enum { N = 32 / 2 - 1 };
| 	     0 < (long int) (((((long int) 1 << N) << N) - 1) * 2 + 1))];
| test_array [0] = 0
| 
|   ;
|   return 0;
| }
configure:14462: gcc -c -DHAVE_LIBCRYPTO  conftest.c >&5
conftest.c: In function 'main':
conftest.c:61: error: expected ')' before ';' token
conftest.c:62: error: expected expression before ']' token
configure:14462: $? = 1
configure: failed program was:
| /* confdefs.h */
| #define PACKAGE_NAME "libfreefare"
| #define PACKAGE_TARNAME "libfreefare"
| #define PACKAGE_VERSION "0.2.0"
| #define PACKAGE_STRING "libfreefare 0.2.0"
| #define PACKAGE_BUGREPORT ""
| #define PACKAGE_URL ""
| #define STDC_HEADERS 1
| #define HAVE_SYS_TYPES_H 1
| #define HAVE_SYS_STAT_H 1
| #define HAVE_STDLIB_H 1
| #define HAVE_STRING_H 1
| #define HAVE_MEMORY_H 1
| #define HAVE_STRINGS_H 1
| #define HAVE_INTTYPES_H 1
| #define HAVE_STDINT_H 1
| #define HAVE_UNISTD_H 1
| #define HAVE_DLFCN_H 1
| #define LT_OBJDIR ".libs/"
| #define PACKAGE "libfreefare"
| #define VERSION "0.2.0"
| #define HAVE__BOOL 1
| #define HAVE_STDBOOL_H 1
| /* end confdefs.h.  */
| #include <stdio.h>
| #ifdef HAVE_SYS_TYPES_H
| # include <sys/types.h>
| #endif
| #ifdef HAVE_SYS_STAT_H
| # include <sys/stat.h>
| #endif
| #ifdef STDC_HEADERS
| # include <stdlib.h>
| # include <stddef.h>
| #else
| # ifdef HAVE_STDLIB_H
| #  include <stdlib.h>
| # endif
| #endif
| #ifdef HAVE_STRING_H
| # if !defined STDC_HEADERS && defined HAVE_MEMORY_H
| #  include <memory.h>
| # endif
| # include <string.h>
| #endif
| #ifdef HAVE_STRINGS_H
| # include <strings.h>
| #endif
| #ifdef HAVE_INTTYPES_H
| # include <inttypes.h>
| #endif
| #ifdef HAVE_STDINT_H
| # include <stdint.h>
| #endif
| #ifdef HAVE_UNISTD_H
| # include <unistd.h>
| #endif
| int
| main ()
| {
| static int test_array [1 - 2 * !(enum { N = 32 / 2 - 1 };
| 	     0 < (long long int) (((((long long int) 1 << N) << N) - 1) * 2 + 1))];
| test_array [0] = 0
| 
|   ;
|   return 0;
| }
configure:14462: gcc -c -DHAVE_LIBCRYPTO  conftest.c >&5
conftest.c: In function 'main':
conftest.c:61: error: expected ')' before ';' token
conftest.c:62: error: expected expression before ']' token
configure:14462: $? = 1
configure: failed program was:
| /* confdefs.h */
| #define PACKAGE_NAME "libfreefare"
| #define PACKAGE_TARNAME "libfreefare"
| #define PACKAGE_VERSION "0.2.0"
| #define PACKAGE_STRING "libfreefare 0.2.0"
| #define PACKAGE_BUGREPORT ""
| #define PACKAGE_URL ""
| #define STDC_HEADERS 1
| #define HAVE_SYS_TYPES_H 1
| #define HAVE_SYS_STAT_H 1
| #define HAVE_STDLIB_H 1
| #define HAVE_STRING_H 1
| #define HAVE_MEMORY_H 1
| #define HAVE_STRINGS_H 1
| #define HAVE_INTTYPES_H 1
| #define HAVE_STDINT_H 1
| #define HAVE_UNISTD_H 1
| #define HAVE_DLFCN_H 1
| #define LT_OBJDIR ".libs/"
| #define PACKAGE "libfreefare"
| #define VERSION "0.2.0"
| #define HAVE__BOOL 1
| #define HAVE_STDBOOL_H 1
| /* end confdefs.h.  */
| #include <stdio.h>
| #ifdef HAVE_SYS_TYPES_H
| # include <sys/types.h>
| #endif
| #ifdef HAVE_SYS_STAT_H
| # include <sys/stat.h>
| #endif
| #ifdef STDC_HEADERS
| # include <stdlib.h>
| # include <stddef.h>
| #else
| # ifdef HAVE_STDLIB_H
| #  include <stdlib.h>
| # endif
| #endif
| #ifdef HAVE_STRING_H
| # if !defined STDC_HEADERS && defined HAVE_MEMORY_H
| #  include <memory.h>
| # endif
| # include <string.h>
| #endif
| #ifdef HAVE_STRINGS_H
| # include <strings.h>
| #endif
| #ifdef HAVE_INTTYPES_H
| # include <inttypes.h>
| #endif
| #ifdef HAVE_STDINT_H
| # include <stdint.h>
| #endif
| #ifdef HAVE_UNISTD_H
| # include <unistd.h>
| #endif
| int
| main ()
| {
| static int test_array [1 - 2 * !(enum { N = 32 / 2 - 1 };
| 	     0 < (short int) (((((short int) 1 << N) << N) - 1) * 2 + 1))];
| test_array [0] = 0
| 
|   ;
|   return 0;
| }
configure:14462: gcc -c -DHAVE_LIBCRYPTO  conftest.c >&5
conftest.c: In function 'main':
conftest.c:61: error: expected ')' before ';' token
conftest.c:62: error: expected expression before ']' token
configure:14462: $? = 1
configure: failed program was:
| /* confdefs.h */
| #define PACKAGE_NAME "libfreefare"
| #define PACKAGE_TARNAME "libfreefare"
| #define PACKAGE_VERSION "0.2.0"
| #define PACKAGE_STRING "libfreefare 0.2.0"
| #define PACKAGE_BUGREPORT ""
| #define PACKAGE_URL ""
| #define STDC_HEADERS 1
| #define HAVE_SYS_TYPES_H 1
| #define HAVE_SYS_STAT_H 1
| #define HAVE_STDLIB_H 1
| #define HAVE_STRING_H 1
| #define HAVE_MEMORY_H 1
| #define HAVE_STRINGS_H 1
| #define HAVE_INTTYPES_H 1
| #define HAVE_STDINT_H 1
| #define HAVE_UNISTD_H 1
| #define HAVE_DLFCN_H 1
| #define LT_OBJDIR ".libs/"
| #define PACKAGE "libfreefare"
| #define VERSION "0.2.0"
| #define HAVE__BOOL 1
| #define HAVE_STDBOOL_H 1
| /* end confdefs.h.  */
| #include <stdio.h>
| #ifdef HAVE_SYS_TYPES_H
| # include <sys/types.h>
| #endif
| #ifdef HAVE_SYS_STAT_H
| # include <sys/stat.h>
| #endif
| #ifdef STDC_HEADERS
| # include <stdlib.h>
| # include <stddef.h>
| #else
| # ifdef HAVE_STDLIB_H
| #  include <stdlib.h>
| # endif
| #endif
| #ifdef HAVE_STRING_H
| # if !defined STDC_HEADERS && defined HAVE_MEMORY_H
| #  include <memory.h>
| # endif
| # include <string.h>
| #endif
| #ifdef HAVE_STRINGS_H
| # include <strings.h>
| #endif
| #ifdef HAVE_INTTYPES_H
| # include <inttypes.h>
| #endif
| #ifdef HAVE_STDINT_H
| # include <stdint.h>
| #endif
| #ifdef HAVE_UNISTD_H
| # include <unistd.h>
| #endif
| int
| main ()
| {
| static int test_array [1 - 2 * !(enum { N = 32 / 2 - 1 };
| 	     0 < (signed char) (((((signed char) 1 << N) << N) - 1) * 2 + 1))];
| test_array [0] = 0
| 
|   ;
|   return 0;
| }
configure:14462: result: no
configure:14473: checking for off_t
configure:14473: gcc -c -DHAVE_LIBCRYPTO  conftest.c >&5
configure:14473: $? = 0
configure:14473: gcc -c -DHAVE_LIBCRYPTO  conftest.c >&5
conftest.c: In function 'main':
conftest.c:61: error: expected expression before ')' token
configure:14473: $? = 1
configure: failed program was:
| /* confdefs.h */
| #define PACKAGE_NAME "libfreefare"
| #define PACKAGE_TARNAME "libfreefare"
| #define PACKAGE_VERSION "0.2.0"
| #define PACKAGE_STRING "libfreefare 0.2.0"
| #define PACKAGE_BUGREPORT ""
| #define PACKAGE_URL ""
| #define STDC_HEADERS 1
| #define HAVE_SYS_TYPES_H 1
| #define HAVE_SYS_STAT_H 1
| #define HAVE_STDLIB_H 1
| #define HAVE_STRING_H 1
| #define HAVE_MEMORY_H 1
| #define HAVE_STRINGS_H 1
| #define HAVE_INTTYPES_H 1
| #define HAVE_STDINT_H 1
| #define HAVE_UNISTD_H 1
| #define HAVE_DLFCN_H 1
| #define LT_OBJDIR ".libs/"
| #define PACKAGE "libfreefare"
| #define VERSION "0.2.0"
| #define HAVE__BOOL 1
| #define HAVE_STDBOOL_H 1
| /* end confdefs.h.  */
| #include <stdio.h>
| #ifdef HAVE_SYS_TYPES_H
| # include <sys/types.h>
| #endif
| #ifdef HAVE_SYS_STAT_H
| # include <sys/stat.h>
| #endif
| #ifdef STDC_HEADERS
| # include <stdlib.h>
| # include <stddef.h>
| #else
| # ifdef HAVE_STDLIB_H
| #  include <stdlib.h>
| # endif
| #endif
| #ifdef HAVE_STRING_H
| # if !defined STDC_HEADERS && defined HAVE_MEMORY_H
| #  include <memory.h>
| # endif
| # include <string.h>
| #endif
| #ifdef HAVE_STRINGS_H
| # include <strings.h>
| #endif
| #ifdef HAVE_INTTYPES_H
| # include <inttypes.h>
| #endif
| #ifdef HAVE_STDINT_H
| # include <stdint.h>
| #endif
| #ifdef HAVE_UNISTD_H
| # include <unistd.h>
| #endif
| int
| main ()
| {
| if (sizeof ((off_t)))
| 	    return 0;
|   ;
|   return 0;
| }
configure:14473: result: yes
configure:14484: checking for uint8_t
configure:14484: gcc -c -DHAVE_LIBCRYPTO  conftest.c >&5
configure:14484: $? = 0
configure:14484: result: yes
configure:14498: checking for uint16_t
configure:14498: gcc -c -DHAVE_LIBCRYPTO  conftest.c >&5
configure:14498: $? = 0
configure:14498: result: yes
configure:14510: checking for uint32_t
configure:14510: gcc -c -DHAVE_LIBCRYPTO  conftest.c >&5
configure:14510: $? = 0
configure:14510: result: yes
configure:14524: checking for size_t
configure:14524: gcc -c -DHAVE_LIBCRYPTO  conftest.c >&5
configure:14524: $? = 0
configure:14524: gcc -c -DHAVE_LIBCRYPTO  conftest.c >&5
conftest.c: In function 'main':
conftest.c:61: error: expected expression before ')' token
configure:14524: $? = 1
configure: failed program was:
| /* confdefs.h */
| #define PACKAGE_NAME "libfreefare"
| #define PACKAGE_TARNAME "libfreefare"
| #define PACKAGE_VERSION "0.2.0"
| #define PACKAGE_STRING "libfreefare 0.2.0"
| #define PACKAGE_BUGREPORT ""
| #define PACKAGE_URL ""
| #define STDC_HEADERS 1
| #define HAVE_SYS_TYPES_H 1
| #define HAVE_SYS_STAT_H 1
| #define HAVE_STDLIB_H 1
| #define HAVE_STRING_H 1
| #define HAVE_MEMORY_H 1
| #define HAVE_STRINGS_H 1
| #define HAVE_INTTYPES_H 1
| #define HAVE_STDINT_H 1
| #define HAVE_UNISTD_H 1
| #define HAVE_DLFCN_H 1
| #define LT_OBJDIR ".libs/"
| #define PACKAGE "libfreefare"
| #define VERSION "0.2.0"
| #define HAVE__BOOL 1
| #define HAVE_STDBOOL_H 1
| /* end confdefs.h.  */
| #include <stdio.h>
| #ifdef HAVE_SYS_TYPES_H
| # include <sys/types.h>
| #endif
| #ifdef HAVE_SYS_STAT_H
| # include <sys/stat.h>
| #endif
| #ifdef STDC_HEADERS
| # include <stdlib.h>
| # include <stddef.h>
| #else
| # ifdef HAVE_STDLIB_H
| #  include <stdlib.h>
| # endif
| #endif
| #ifdef HAVE_STRING_H
| # if !defined STDC_HEADERS && defined HAVE_MEMORY_H
| #  include <memory.h>
| # endif
| # include <string.h>
| #endif
| #ifdef HAVE_STRINGS_H
| # include <strings.h>
| #endif
| #ifdef HAVE_INTTYPES_H
| # include <inttypes.h>
| #endif
| #ifdef HAVE_STDINT_H
| # include <stdint.h>
| #endif
| #ifdef HAVE_UNISTD_H
| # include <unistd.h>
| #endif
| int
| main ()
| {
| if (sizeof ((size_t)))
| 	    return 0;
|   ;
|   return 0;
| }
configure:14524: result: yes
configure:14535: checking for ssize_t
configure:14535: gcc -c -DHAVE_LIBCRYPTO  conftest.c >&5
configure:14535: $? = 0
configure:14535: gcc -c -DHAVE_LIBCRYPTO  conftest.c >&5
conftest.c: In function 'main':
conftest.c:61: error: expected expression before ')' token
configure:14535: $? = 1
configure: failed program was:
| /* confdefs.h */
| #define PACKAGE_NAME "libfreefare"
| #define PACKAGE_TARNAME "libfreefare"
| #define PACKAGE_VERSION "0.2.0"
| #define PACKAGE_STRING "libfreefare 0.2.0"
| #define PACKAGE_BUGREPORT ""
| #define PACKAGE_URL ""
| #define STDC_HEADERS 1
| #define HAVE_SYS_TYPES_H 1
| #define HAVE_SYS_STAT_H 1
| #define HAVE_STDLIB_H 1
| #define HAVE_STRING_H 1
| #define HAVE_MEMORY_H 1
| #define HAVE_STRINGS_H 1
| #define HAVE_INTTYPES_H 1
| #define HAVE_STDINT_H 1
| #define HAVE_UNISTD_H 1
| #define HAVE_DLFCN_H 1
| #define LT_OBJDIR ".libs/"
| #define PACKAGE "libfreefare"
| #define VERSION "0.2.0"
| #define HAVE__BOOL 1
| #define HAVE_STDBOOL_H 1
| /* end confdefs.h.  */
| #include <stdio.h>
| #ifdef HAVE_SYS_TYPES_H
| # include <sys/types.h>
| #endif
| #ifdef HAVE_SYS_STAT_H
| # include <sys/stat.h>
| #endif
| #ifdef STDC_HEADERS
| # include <stdlib.h>
| # include <stddef.h>
| #else
| # ifdef HAVE_STDLIB_H
| #  include <stdlib.h>
| # endif
| #endif
| #ifdef HAVE_STRING_H
| # if !defined STDC_HEADERS && defined HAVE_MEMORY_H
| #  include <memory.h>
| # endif
| # include <string.h>
| #endif
| #ifdef HAVE_STRINGS_H
| # include <strings.h>
| #endif
| #ifdef HAVE_INTTYPES_H
| # include <inttypes.h>
| #endif
| #ifdef HAVE_STDINT_H
| # include <stdint.h>
| #endif
| #ifdef HAVE_UNISTD_H
| # include <unistd.h>
| #endif
| int
| main ()
| {
| if (sizeof ((ssize_t)))
| 	    return 0;
|   ;
|   return 0;
| }
configure:14535: result: yes
configure:14550: checking for stdlib.h
configure:14550: result: yes
configure:14560: checking for GNU libc compatible malloc
configure:14584: gcc -o conftest -DHAVE_LIBCRYPTO   conftest.c  >&5
configure:14584: $? = 0
configure:14584: ./conftest
configure:14584: $? = 0
configure:14594: result: yes
configure:14617: checking for stdlib.h
configure:14617: result: yes
configure:14627: checking for GNU libc compatible realloc
configure:14651: gcc -o conftest -DHAVE_LIBCRYPTO   conftest.c  >&5
configure:14651: $? = 0
configure:14651: ./conftest
configure:14651: $? = 0
configure:14661: result: yes
configure:14685: checking for sys/types.h
configure:14685: result: yes
configure:14698: checking for bzero
configure:14698: gcc -o conftest -DHAVE_LIBCRYPTO   conftest.c  >&5
conftest.c:53: warning: conflicting types for built-in function 'bzero'
configure:14698: $? = 0
configure:14698: result: yes
configure:14698: checking for memset
configure:14698: gcc -o conftest -DHAVE_LIBCRYPTO   conftest.c  >&5
conftest.c:54: warning: conflicting types for built-in function 'memset'
configure:14698: $? = 0
configure:14698: result: yes
configure:14698: checking for letoh32
configure:14698: gcc -o conftest -DHAVE_LIBCRYPTO   conftest.c  >&5
Undefined symbols:
  "_letoh32", referenced from:
      _main in cckT0NCg.o
ld: symbol(s) not found
collect2: ld returned 1 exit status
configure:14698: $? = 1
configure: failed program was:
| /* confdefs.h */
| #define PACKAGE_NAME "libfreefare"
| #define PACKAGE_TARNAME "libfreefare"
| #define PACKAGE_VERSION "0.2.0"
| #define PACKAGE_STRING "libfreefare 0.2.0"
| #define PACKAGE_BUGREPORT ""
| #define PACKAGE_URL ""
| #define STDC_HEADERS 1
| #define HAVE_SYS_TYPES_H 1
| #define HAVE_SYS_STAT_H 1
| #define HAVE_STDLIB_H 1
| #define HAVE_STRING_H 1
| #define HAVE_MEMORY_H 1
| #define HAVE_STRINGS_H 1
| #define HAVE_INTTYPES_H 1
| #define HAVE_STDINT_H 1
| #define HAVE_UNISTD_H 1
| #define HAVE_DLFCN_H 1
| #define LT_OBJDIR ".libs/"
| #define PACKAGE "libfreefare"
| #define VERSION "0.2.0"
| #define HAVE__BOOL 1
| #define HAVE_STDBOOL_H 1
| #define HAVE_STDLIB_H 1
| #define HAVE_MALLOC 1
| #define HAVE_STDLIB_H 1
| #define HAVE_REALLOC 1
| #define HAVE_SYS_TYPES_H 1
| #define HAVE_BZERO 1
| #define HAVE_MEMSET 1
| /* end confdefs.h.  */
| /* Define letoh32 to an innocuous variant, in case <limits.h> declares letoh32.
|    For example, HP-UX 11i <limits.h> declares gettimeofday.  */
| #define letoh32 innocuous_letoh32
| 
| /* System header to define __stub macros and hopefully few prototypes,
|     which can conflict with char letoh32 (); below.
|     Prefer <limits.h> to <assert.h> if __STDC__ is defined, since
|     <limits.h> exists even on freestanding compilers.  */
| 
| #ifdef __STDC__
| # include <limits.h>
| #else
| # include <assert.h>
| #endif
| 
| #undef letoh32
| 
| /* Override any GCC internal prototype to avoid an error.
|    Use char because int might match the return type of a GCC
|    builtin and then its argument prototype would still apply.  */
| #ifdef __cplusplus
| extern "C"
| #endif
| char letoh32 ();
| /* The GNU C library defines this for functions which it implements
|     to always fail with ENOSYS.  Some functions are actually named
|     something starting with __ and the normal name is an alias.  */
| #if defined __stub_letoh32 || defined __stub___letoh32
| choke me
| #endif
| 
| int
| main ()
| {
| return letoh32 ();
|   ;
|   return 0;
| }
configure:14698: result: no
configure:14698: checking for htole32
configure:14698: gcc -o conftest -DHAVE_LIBCRYPTO   conftest.c  >&5
Undefined symbols:
  "_htole32", referenced from:
      _main in ccn26WzW.o
ld: symbol(s) not found
collect2: ld returned 1 exit status
configure:14698: $? = 1
configure: failed program was:
| /* confdefs.h */
| #define PACKAGE_NAME "libfreefare"
| #define PACKAGE_TARNAME "libfreefare"
| #define PACKAGE_VERSION "0.2.0"
| #define PACKAGE_STRING "libfreefare 0.2.0"
| #define PACKAGE_BUGREPORT ""
| #define PACKAGE_URL ""
| #define STDC_HEADERS 1
| #define HAVE_SYS_TYPES_H 1
| #define HAVE_SYS_STAT_H 1
| #define HAVE_STDLIB_H 1
| #define HAVE_STRING_H 1
| #define HAVE_MEMORY_H 1
| #define HAVE_STRINGS_H 1
| #define HAVE_INTTYPES_H 1
| #define HAVE_STDINT_H 1
| #define HAVE_UNISTD_H 1
| #define HAVE_DLFCN_H 1
| #define LT_OBJDIR ".libs/"
| #define PACKAGE "libfreefare"
| #define VERSION "0.2.0"
| #define HAVE__BOOL 1
| #define HAVE_STDBOOL_H 1
| #define HAVE_STDLIB_H 1
| #define HAVE_MALLOC 1
| #define HAVE_STDLIB_H 1
| #define HAVE_REALLOC 1
| #define HAVE_SYS_TYPES_H 1
| #define HAVE_BZERO 1
| #define HAVE_MEMSET 1
| /* end confdefs.h.  */
| /* Define htole32 to an innocuous variant, in case <limits.h> declares htole32.
|    For example, HP-UX 11i <limits.h> declares gettimeofday.  */
| #define htole32 innocuous_htole32
| 
| /* System header to define __stub macros and hopefully few prototypes,
|     which can conflict with char htole32 (); below.
|     Prefer <limits.h> to <assert.h> if __STDC__ is defined, since
|     <limits.h> exists even on freestanding compilers.  */
| 
| #ifdef __STDC__
| # include <limits.h>
| #else
| # include <assert.h>
| #endif
| 
| #undef htole32
| 
| /* Override any GCC internal prototype to avoid an error.
|    Use char because int might match the return type of a GCC
|    builtin and then its argument prototype would still apply.  */
| #ifdef __cplusplus
| extern "C"
| #endif
| char htole32 ();
| /* The GNU C library defines this for functions which it implements
|     to always fail with ENOSYS.  Some functions are actually named
|     something starting with __ and the normal name is an alias.  */
| #if defined __stub_htole32 || defined __stub___htole32
| choke me
| #endif
| 
| int
| main ()
| {
| return htole32 ();
|   ;
|   return 0;
| }
configure:14698: result: no
configure:14698: checking for pow
configure:14698: gcc -o conftest -DHAVE_LIBCRYPTO   conftest.c  >&5
conftest.c:55: warning: conflicting types for built-in function 'pow'
configure:14698: $? = 0
configure:14698: result: yes
configure:14698: checking for strerror
configure:14698: gcc -o conftest -DHAVE_LIBCRYPTO   conftest.c  >&5
configure:14698: $? = 0
configure:14698: result: yes
configure:14712: checking endian.h usability
configure:14712: gcc -c -DHAVE_LIBCRYPTO  conftest.c >&5
conftest.c:67:20: error: endian.h: No such file or directory
configure:14712: $? = 1
configure: failed program was:
| /* confdefs.h */
| #define PACKAGE_NAME "libfreefare"
| #define PACKAGE_TARNAME "libfreefare"
| #define PACKAGE_VERSION "0.2.0"
| #define PACKAGE_STRING "libfreefare 0.2.0"
| #define PACKAGE_BUGREPORT ""
| #define PACKAGE_URL ""
| #define STDC_HEADERS 1
| #define HAVE_SYS_TYPES_H 1
| #define HAVE_SYS_STAT_H 1
| #define HAVE_STDLIB_H 1
| #define HAVE_STRING_H 1
| #define HAVE_MEMORY_H 1
| #define HAVE_STRINGS_H 1
| #define HAVE_INTTYPES_H 1
| #define HAVE_STDINT_H 1
| #define HAVE_UNISTD_H 1
| #define HAVE_DLFCN_H 1
| #define LT_OBJDIR ".libs/"
| #define PACKAGE "libfreefare"
| #define VERSION "0.2.0"
| #define HAVE__BOOL 1
| #define HAVE_STDBOOL_H 1
| #define HAVE_STDLIB_H 1
| #define HAVE_MALLOC 1
| #define HAVE_STDLIB_H 1
| #define HAVE_REALLOC 1
| #define HAVE_SYS_TYPES_H 1
| #define HAVE_BZERO 1
| #define HAVE_MEMSET 1
| #define HAVE_POW 1
| #define HAVE_STRERROR 1
| /* end confdefs.h.  */
| #include <stdio.h>
| #ifdef HAVE_SYS_TYPES_H
| # include <sys/types.h>
| #endif
| #ifdef HAVE_SYS_STAT_H
| # include <sys/stat.h>
| #endif
| #ifdef STDC_HEADERS
| # include <stdlib.h>
| # include <stddef.h>
| #else
| # ifdef HAVE_STDLIB_H
| #  include <stdlib.h>
| # endif
| #endif
| #ifdef HAVE_STRING_H
| # if !defined STDC_HEADERS && defined HAVE_MEMORY_H
| #  include <memory.h>
| # endif
| # include <string.h>
| #endif
| #ifdef HAVE_STRINGS_H
| # include <strings.h>
| #endif
| #ifdef HAVE_INTTYPES_H
| # include <inttypes.h>
| #endif
| #ifdef HAVE_STDINT_H
| # include <stdint.h>
| #endif
| #ifdef HAVE_UNISTD_H
| # include <unistd.h>
| #endif
| #include <endian.h>
configure:14712: result: no
configure:14712: checking endian.h presence
configure:14712: gcc -E  conftest.c
conftest.c:34:20: error: endian.h: No such file or directory
configure:14712: $? = 1
configure: failed program was:
| /* confdefs.h */
| #define PACKAGE_NAME "libfreefare"
| #define PACKAGE_TARNAME "libfreefare"
| #define PACKAGE_VERSION "0.2.0"
| #define PACKAGE_STRING "libfreefare 0.2.0"
| #define PACKAGE_BUGREPORT ""
| #define PACKAGE_URL ""
| #define STDC_HEADERS 1
| #define HAVE_SYS_TYPES_H 1
| #define HAVE_SYS_STAT_H 1
| #define HAVE_STDLIB_H 1
| #define HAVE_STRING_H 1
| #define HAVE_MEMORY_H 1
| #define HAVE_STRINGS_H 1
| #define HAVE_INTTYPES_H 1
| #define HAVE_STDINT_H 1
| #define HAVE_UNISTD_H 1
| #define HAVE_DLFCN_H 1
| #define LT_OBJDIR ".libs/"
| #define PACKAGE "libfreefare"
| #define VERSION "0.2.0"
| #define HAVE__BOOL 1
| #define HAVE_STDBOOL_H 1
| #define HAVE_STDLIB_H 1
| #define HAVE_MALLOC 1
| #define HAVE_STDLIB_H 1
| #define HAVE_REALLOC 1
| #define HAVE_SYS_TYPES_H 1
| #define HAVE_BZERO 1
| #define HAVE_MEMSET 1
| #define HAVE_POW 1
| #define HAVE_STRERROR 1
| /* end confdefs.h.  */
| #include <endian.h>
configure:14712: result: no
configure:14712: checking for endian.h
configure:14712: result: no
configure:14712: checking sys/endian.h usability
configure:14712: gcc -c -DHAVE_LIBCRYPTO  conftest.c >&5
conftest.c:67:24: error: sys/endian.h: No such file or directory
configure:14712: $? = 1
configure: failed program was:
| /* confdefs.h */
| #define PACKAGE_NAME "libfreefare"
| #define PACKAGE_TARNAME "libfreefare"
| #define PACKAGE_VERSION "0.2.0"
| #define PACKAGE_STRING "libfreefare 0.2.0"
| #define PACKAGE_BUGREPORT ""
| #define PACKAGE_URL ""
| #define STDC_HEADERS 1
| #define HAVE_SYS_TYPES_H 1
| #define HAVE_SYS_STAT_H 1
| #define HAVE_STDLIB_H 1
| #define HAVE_STRING_H 1
| #define HAVE_MEMORY_H 1
| #define HAVE_STRINGS_H 1
| #define HAVE_INTTYPES_H 1
| #define HAVE_STDINT_H 1
| #define HAVE_UNISTD_H 1
| #define HAVE_DLFCN_H 1
| #define LT_OBJDIR ".libs/"
| #define PACKAGE "libfreefare"
| #define VERSION "0.2.0"
| #define HAVE__BOOL 1
| #define HAVE_STDBOOL_H 1
| #define HAVE_STDLIB_H 1
| #define HAVE_MALLOC 1
| #define HAVE_STDLIB_H 1
| #define HAVE_REALLOC 1
| #define HAVE_SYS_TYPES_H 1
| #define HAVE_BZERO 1
| #define HAVE_MEMSET 1
| #define HAVE_POW 1
| #define HAVE_STRERROR 1
| /* end confdefs.h.  */
| #include <stdio.h>
| #ifdef HAVE_SYS_TYPES_H
| # include <sys/types.h>
| #endif
| #ifdef HAVE_SYS_STAT_H
| # include <sys/stat.h>
| #endif
| #ifdef STDC_HEADERS
| # include <stdlib.h>
| # include <stddef.h>
| #else
| # ifdef HAVE_STDLIB_H
| #  include <stdlib.h>
| # endif
| #endif
| #ifdef HAVE_STRING_H
| # if !defined STDC_HEADERS && defined HAVE_MEMORY_H
| #  include <memory.h>
| # endif
| # include <string.h>
| #endif
| #ifdef HAVE_STRINGS_H
| # include <strings.h>
| #endif
| #ifdef HAVE_INTTYPES_H
| # include <inttypes.h>
| #endif
| #ifdef HAVE_STDINT_H
| # include <stdint.h>
| #endif
| #ifdef HAVE_UNISTD_H
| # include <unistd.h>
| #endif
| #include <sys/endian.h>
configure:14712: result: no
configure:14712: checking sys/endian.h presence
configure:14712: gcc -E  conftest.c
conftest.c:34:24: error: sys/endian.h: No such file or directory
configure:14712: $? = 1
configure: failed program was:
| /* confdefs.h */
| #define PACKAGE_NAME "libfreefare"
| #define PACKAGE_TARNAME "libfreefare"
| #define PACKAGE_VERSION "0.2.0"
| #define PACKAGE_STRING "libfreefare 0.2.0"
| #define PACKAGE_BUGREPORT ""
| #define PACKAGE_URL ""
| #define STDC_HEADERS 1
| #define HAVE_SYS_TYPES_H 1
| #define HAVE_SYS_STAT_H 1
| #define HAVE_STDLIB_H 1
| #define HAVE_STRING_H 1
| #define HAVE_MEMORY_H 1
| #define HAVE_STRINGS_H 1
| #define HAVE_INTTYPES_H 1
| #define HAVE_STDINT_H 1
| #define HAVE_UNISTD_H 1
| #define HAVE_DLFCN_H 1
| #define LT_OBJDIR ".libs/"
| #define PACKAGE "libfreefare"
| #define VERSION "0.2.0"
| #define HAVE__BOOL 1
| #define HAVE_STDBOOL_H 1
| #define HAVE_STDLIB_H 1
| #define HAVE_MALLOC 1
| #define HAVE_STDLIB_H 1
| #define HAVE_REALLOC 1
| #define HAVE_SYS_TYPES_H 1
| #define HAVE_BZERO 1
| #define HAVE_MEMSET 1
| #define HAVE_POW 1
| #define HAVE_STRERROR 1
| /* end confdefs.h.  */
| #include <sys/endian.h>
configure:14712: result: no
configure:14712: checking for sys/endian.h
configure:14712: result: no
configure:14712: checking CoreFoundation/CoreFoundation.h usability
configure:14712: gcc -c -DHAVE_LIBCRYPTO  conftest.c >&5
configure:14712: $? = 0
configure:14712: result: yes
configure:14712: checking CoreFoundation/CoreFoundation.h presence
configure:14712: gcc -E  conftest.c
configure:14712: $? = 0
configure:14712: result: yes
configure:14712: checking for CoreFoundation/CoreFoundation.h
configure:14712: result: yes
configure:14729: checking byteswap.h usability
configure:14729: gcc -c -DHAVE_LIBCRYPTO  conftest.c >&5
conftest.c:68:22: error: byteswap.h: No such file or directory
configure:14729: $? = 1
configure: failed program was:
| /* confdefs.h */
| #define PACKAGE_NAME "libfreefare"
| #define PACKAGE_TARNAME "libfreefare"
| #define PACKAGE_VERSION "0.2.0"
| #define PACKAGE_STRING "libfreefare 0.2.0"
| #define PACKAGE_BUGREPORT ""
| #define PACKAGE_URL ""
| #define STDC_HEADERS 1
| #define HAVE_SYS_TYPES_H 1
| #define HAVE_SYS_STAT_H 1
| #define HAVE_STDLIB_H 1
| #define HAVE_STRING_H 1
| #define HAVE_MEMORY_H 1
| #define HAVE_STRINGS_H 1
| #define HAVE_INTTYPES_H 1
| #define HAVE_STDINT_H 1
| #define HAVE_UNISTD_H 1
| #define HAVE_DLFCN_H 1
| #define LT_OBJDIR ".libs/"
| #define PACKAGE "libfreefare"
| #define VERSION "0.2.0"
| #define HAVE__BOOL 1
| #define HAVE_STDBOOL_H 1
| #define HAVE_STDLIB_H 1
| #define HAVE_MALLOC 1
| #define HAVE_STDLIB_H 1
| #define HAVE_REALLOC 1
| #define HAVE_SYS_TYPES_H 1
| #define HAVE_BZERO 1
| #define HAVE_MEMSET 1
| #define HAVE_POW 1
| #define HAVE_STRERROR 1
| #define HAVE_COREFOUNDATION_COREFOUNDATION_H 1
| /* end confdefs.h.  */
| #include <stdio.h>
| #ifdef HAVE_SYS_TYPES_H
| # include <sys/types.h>
| #endif
| #ifdef HAVE_SYS_STAT_H
| # include <sys/stat.h>
| #endif
| #ifdef STDC_HEADERS
| # include <stdlib.h>
| # include <stddef.h>
| #else
| # ifdef HAVE_STDLIB_H
| #  include <stdlib.h>
| # endif
| #endif
| #ifdef HAVE_STRING_H
| # if !defined STDC_HEADERS && defined HAVE_MEMORY_H
| #  include <memory.h>
| # endif
| # include <string.h>
| #endif
| #ifdef HAVE_STRINGS_H
| # include <strings.h>
| #endif
| #ifdef HAVE_INTTYPES_H
| # include <inttypes.h>
| #endif
| #ifdef HAVE_STDINT_H
| # include <stdint.h>
| #endif
| #ifdef HAVE_UNISTD_H
| # include <unistd.h>
| #endif
| #include <byteswap.h>
configure:14729: result: no
configure:14729: checking byteswap.h presence
configure:14729: gcc -E  conftest.c
conftest.c:35:22: error: byteswap.h: No such file or directory
configure:14729: $? = 1
configure: failed program was:
| /* confdefs.h */
| #define PACKAGE_NAME "libfreefare"
| #define PACKAGE_TARNAME "libfreefare"
| #define PACKAGE_VERSION "0.2.0"
| #define PACKAGE_STRING "libfreefare 0.2.0"
| #define PACKAGE_BUGREPORT ""
| #define PACKAGE_URL ""
| #define STDC_HEADERS 1
| #define HAVE_SYS_TYPES_H 1
| #define HAVE_SYS_STAT_H 1
| #define HAVE_STDLIB_H 1
| #define HAVE_STRING_H 1
| #define HAVE_MEMORY_H 1
| #define HAVE_STRINGS_H 1
| #define HAVE_INTTYPES_H 1
| #define HAVE_STDINT_H 1
| #define HAVE_UNISTD_H 1
| #define HAVE_DLFCN_H 1
| #define LT_OBJDIR ".libs/"
| #define PACKAGE "libfreefare"
| #define VERSION "0.2.0"
| #define HAVE__BOOL 1
| #define HAVE_STDBOOL_H 1
| #define HAVE_STDLIB_H 1
| #define HAVE_MALLOC 1
| #define HAVE_STDLIB_H 1
| #define HAVE_REALLOC 1
| #define HAVE_SYS_TYPES_H 1
| #define HAVE_BZERO 1
| #define HAVE_MEMSET 1
| #define HAVE_POW 1
| #define HAVE_STRERROR 1
| #define HAVE_COREFOUNDATION_COREFOUNDATION_H 1
| /* end confdefs.h.  */
| #include <byteswap.h>
configure:14729: result: no
configure:14729: checking for byteswap.h
configure:14729: result: no
configure:14750: checking for DES_ecb_encrypt in -lcrypto
configure:14775: gcc -o conftest -DHAVE_LIBCRYPTO -std=c99   conftest.c -lcrypto   >&5
configure:14775: $? = 0
configure:14784: result: yes
configure:14800: checking openssl/des.h usability
configure:14800: gcc -c -DHAVE_LIBCRYPTO -std=c99  conftest.c >&5
configure:14800: $? = 0
configure:14800: result: yes
configure:14800: checking openssl/des.h presence
configure:14800: gcc -E  conftest.c
configure:14800: $? = 0
configure:14800: result: yes
configure:14800: checking for openssl/des.h
configure:14800: result: yes
configure:14800: checking openssl/rand.h usability
configure:14800: gcc -c -DHAVE_LIBCRYPTO -std=c99  conftest.c >&5
configure:14800: $? = 0
configure:14800: result: yes
configure:14800: checking openssl/rand.h presence
configure:14800: gcc -E  conftest.c
configure:14800: $? = 0
configure:14800: result: yes
configure:14800: checking for openssl/rand.h
configure:14800: result: yes
configure:14865: checking for pkg-config
configure:14883: found /usr/local/bin/pkg-config
configure:14895: result: /usr/local/bin/pkg-config
configure:14920: checking pkg-config is at least version 0.9.0
configure:14923: result: yes
configure:14934: checking for LIBNFC
configure:14941: $PKG_CONFIG --exists --print-errors "libnfc >= $LIBNFC_REQUIRED_VERSION"
configure:14944: $? = 0
configure:14957: $PKG_CONFIG --exists --print-errors "libnfc >= $LIBNFC_REQUIRED_VERSION"
configure:14960: $? = 0
configure:14995: result: yes
configure:15159: creating ./config.status

## ---------------- ##
## Cache variables. ##
## ---------------- ##

ac_cv_build=i386-apple-darwin10.6.0
ac_cv_c_compiler_gnu=yes
ac_cv_c_inline=inline
ac_cv_c_int16_t=no
ac_cv_c_int32_t=no
ac_cv_c_uint16_t=yes
ac_cv_c_uint32_t=yes
ac_cv_c_uint8_t=yes
ac_cv_cxx_compiler_gnu=yes
ac_cv_env_CCC_set=
ac_cv_env_CCC_value=
ac_cv_env_CC_set=
ac_cv_env_CC_value=
ac_cv_env_CFLAGS_set=set
ac_cv_env_CFLAGS_value=-DHAVE_LIBCRYPTO
ac_cv_env_CPPFLAGS_set=
ac_cv_env_CPPFLAGS_value=
ac_cv_env_CPP_set=
ac_cv_env_CPP_value=
ac_cv_env_CXXCPP_set=
ac_cv_env_CXXCPP_value=
ac_cv_env_CXXFLAGS_set=
ac_cv_env_CXXFLAGS_value=
ac_cv_env_CXX_set=
ac_cv_env_CXX_value=
ac_cv_env_LDFLAGS_set=
ac_cv_env_LDFLAGS_value=
ac_cv_env_LIBNFC_CFLAGS_set=
ac_cv_env_LIBNFC_CFLAGS_value=
ac_cv_env_LIBNFC_LIBS_set=
ac_cv_env_LIBNFC_LIBS_value=
ac_cv_env_LIBS_set=
ac_cv_env_LIBS_value=
ac_cv_env_PKG_CONFIG_set=
ac_cv_env_PKG_CONFIG_value=
ac_cv_env_build_alias_set=
ac_cv_env_build_alias_value=
ac_cv_env_host_alias_set=
ac_cv_env_host_alias_value=
ac_cv_env_target_alias_set=
ac_cv_env_target_alias_value=
ac_cv_func_bzero=yes
ac_cv_func_htole32=no
ac_cv_func_letoh32=no
ac_cv_func_malloc_0_nonnull=yes
ac_cv_func_memset=yes
ac_cv_func_pow=yes
ac_cv_func_realloc_0_nonnull=yes
ac_cv_func_strerror=yes
ac_cv_header_CoreFoundation_CoreFoundation_h=yes
ac_cv_header_byteswap_h=no
ac_cv_header_dlfcn_h=yes
ac_cv_header_endian_h=no
ac_cv_header_inttypes_h=yes
ac_cv_header_memory_h=yes
ac_cv_header_openssl_des_h=yes
ac_cv_header_openssl_rand_h=yes
ac_cv_header_stdbool_h=yes
ac_cv_header_stdc=yes
ac_cv_header_stdint_h=yes
ac_cv_header_stdlib_h=yes
ac_cv_header_string_h=yes
ac_cv_header_strings_h=yes
ac_cv_header_sys_endian_h=no
ac_cv_header_sys_stat_h=yes
ac_cv_header_sys_types_h=yes
ac_cv_header_unistd_h=yes
ac_cv_host=i386-apple-darwin10.6.0
ac_cv_lib_crypto_DES_ecb_encrypt=yes
ac_cv_objext=o
ac_cv_path_EGREP='/usr/bin/grep -E'
ac_cv_path_FGREP='/usr/bin/grep -F'
ac_cv_path_GREP=/usr/bin/grep
ac_cv_path_SED=/usr/bin/sed
ac_cv_path_ac_pt_PKG_CONFIG=/usr/local/bin/pkg-config
ac_cv_path_install='/usr/bin/install -c'
ac_cv_prog_AWK=awk
ac_cv_prog_CPP='gcc -E'
ac_cv_prog_CXXCPP='g++ -E'
ac_cv_prog_ac_ct_AR=ar
ac_cv_prog_ac_ct_CC=gcc
ac_cv_prog_ac_ct_CXX=g++
ac_cv_prog_ac_ct_DSYMUTIL=dsymutil
ac_cv_prog_ac_ct_LIPO=lipo
ac_cv_prog_ac_ct_NMEDIT=nmedit
ac_cv_prog_ac_ct_OTOOL=otool
ac_cv_prog_ac_ct_RANLIB=ranlib
ac_cv_prog_ac_ct_STRIP=strip
ac_cv_prog_cc_c89=
ac_cv_prog_cc_g=yes
ac_cv_prog_cxx_g=yes
ac_cv_prog_make_make_set=yes
ac_cv_type__Bool=yes
ac_cv_type_off_t=yes
ac_cv_type_size_t=yes
ac_cv_type_ssize_t=yes
ac_cv_use_cutter=no
am_cv_CC_dependencies_compiler_type=gcc3
am_cv_CXX_dependencies_compiler_type=gcc3
lt_cv_apple_cc_single_mod=yes
lt_cv_deplibs_check_method=pass_all
lt_cv_file_magic_cmd='$MAGIC_CMD'
lt_cv_file_magic_test_file=
lt_cv_ld_exported_symbols_list=yes
lt_cv_ld_reload_flag=-r
lt_cv_nm_interface='BSD nm'
lt_cv_objdir=.libs
lt_cv_path_LD=/usr/libexec/gcc/i686-apple-darwin10/4.2.1/ld
lt_cv_path_LDCXX=/usr/libexec/gcc/i686-apple-darwin10/4.2.1/ld
lt_cv_path_NM=/usr/bin/nm
lt_cv_prog_compiler_c_o=yes
lt_cv_prog_compiler_c_o_CXX=yes
lt_cv_prog_compiler_pic_works=yes
lt_cv_prog_compiler_pic_works_CXX=yes
lt_cv_prog_compiler_rtti_exceptions=no
lt_cv_prog_compiler_static_works=no
lt_cv_prog_compiler_static_works_CXX=no
lt_cv_prog_gnu_ld=no
lt_cv_prog_gnu_ldcxx=no
lt_cv_sys_global_symbol_pipe='sed -n -e '\''s/^.*[	 ]\([BCDEGRST][BCDEGRST]*\)[	 ][	 ]*_\([_A-Za-z][_A-Za-z0-9]*\)$/\1 _\2 \2/p'\'''
lt_cv_sys_global_symbol_to_c_name_address='sed -n -e '\''s/^: \([^ ]*\) $/  {\"\1\", (void *) 0},/p'\'' -e '\''s/^[BCDEGRST]* \([^ ]*\) \([^ ]*\)$/  {"\2", (void *) \&\2},/p'\'''
lt_cv_sys_global_symbol_to_c_name_address_lib_prefix='sed -n -e '\''s/^: \([^ ]*\) $/  {\"\1\", (void *) 0},/p'\'' -e '\''s/^[BCDEGRST]* \([^ ]*\) \(lib[^ ]*\)$/  {"\2", (void *) \&\2},/p'\'' -e '\''s/^[BCDEGRST]* \([^ ]*\) \([^ ]*\)$/  {"lib\2", (void *) \&\2},/p'\'''
lt_cv_sys_global_symbol_to_cdecl='sed -n -e '\''s/^T .* \(.*\)$/extern int \1();/p'\'' -e '\''s/^[BCDEGRST]* .* \(.*\)$/extern char \1;/p'\'''
lt_cv_sys_max_cmd_len=196608
pkg_cv_LIBNFC_CFLAGS='-I/usr/local/include -I/usr/local/Cellar/libusb-compat/0.1.3/include  '
pkg_cv_LIBNFC_LIBS='-L/usr/local/lib -L/usr/local/Cellar/libusb-compat/0.1.3/lib -lnfc -lusb  '

## ----------------- ##
## Output variables. ##
## ----------------- ##

ACLOCAL='${SHELL} /Users/johnno/workspace/NFC/CocoaTag/CocoaTag/deps/libfreefare/missing --run aclocal-1.11'
AMDEPBACKSLASH='\'
AMDEP_FALSE='#'
AMDEP_TRUE=''
AMTAR='${SHELL} /Users/johnno/workspace/NFC/CocoaTag/CocoaTag/deps/libfreefare/missing --run tar'
AM_BACKSLASH='\'
AM_DEFAULT_VERBOSITY='0'
AR='ar'
AUTOCONF='${SHELL} /Users/johnno/workspace/NFC/CocoaTag/CocoaTag/deps/libfreefare/missing --run autoconf'
AUTOHEADER='${SHELL} /Users/johnno/workspace/NFC/CocoaTag/CocoaTag/deps/libfreefare/missing --run autoheader'
AUTOMAKE='${SHELL} /Users/johnno/workspace/NFC/CocoaTag/CocoaTag/deps/libfreefare/missing --run automake-1.11'
AWK='awk'
CC='gcc'
CCDEPMODE='depmode=gcc3'
CFLAGS='-DHAVE_LIBCRYPTO -std=c99'
CPP='gcc -E'
CPPFLAGS=''
CXX='g++'
CXXCPP='g++ -E'
CXXDEPMODE='depmode=gcc3'
CXXFLAGS='-g -O2'
CYGPATH_W='echo'
DEFS='-DHAVE_CONFIG_H'
DEPDIR='.deps'
DSYMUTIL='dsymutil'
DUMPBIN=''
ECHO_C='\c'
ECHO_N=''
ECHO_T=''
EGREP='/usr/bin/grep -E'
EXEEXT=''
FGREP='/usr/bin/grep -F'
GREP='/usr/bin/grep'
HAS_LIBUTIL_FALSE=''
HAS_LIBUTIL_TRUE='#'
INSTALL_DATA='${INSTALL} -m 644'
INSTALL_PROGRAM='${INSTALL}'
INSTALL_SCRIPT='${INSTALL}'
INSTALL_STRIP_PROGRAM='$(install_sh) -c -s'
LD='/usr/libexec/gcc/i686-apple-darwin10/4.2.1/ld'
LDFLAGS=''
LIBNFC_CFLAGS='-I/usr/local/include -I/usr/local/Cellar/libusb-compat/0.1.3/include  '
LIBNFC_LIBS='-L/usr/local/lib -L/usr/local/Cellar/libusb-compat/0.1.3/lib -lnfc -lusb  '
LIBOBJS=''
LIBS='-lcrypto '
LIBTOOL='$(SHELL) $(top_builddir)/libtool'
LIPO='lipo'
LN_S='ln -s'
LTLIBOBJS=''
MAKEINFO='${SHELL} /Users/johnno/workspace/NFC/CocoaTag/CocoaTag/deps/libfreefare/missing --run makeinfo'
MKDIR_P='./install-sh -c -d'
NM='/usr/bin/nm'
NMEDIT='nmedit'
OBJEXT='o'
OTOOL64=':'
OTOOL='otool'
PACKAGE='libfreefare'
PACKAGE_BUGREPORT=''
PACKAGE_NAME='libfreefare'
PACKAGE_STRING='libfreefare 0.2.0'
PACKAGE_TARNAME='libfreefare'
PACKAGE_URL=''
PACKAGE_VERSION='0.2.0'
PATH_SEPARATOR=':'
PKG_CONFIG='/usr/local/bin/pkg-config'
PKG_CONFIG_REQUIRES='libnfc'
RANLIB='ranlib'
SED='/usr/bin/sed'
SET_MAKE=''
SHELL='/bin/sh'
STRIP='strip'
VERSION='0.2.0'
WITH_CUTTER_FALSE=''
WITH_CUTTER_TRUE='#'
WITH_DEBUG_FALSE=''
WITH_DEBUG_TRUE='#'
ac_ct_CC='gcc'
ac_ct_CXX='g++'
ac_ct_DUMPBIN=''
am__EXEEXT_FALSE=''
am__EXEEXT_TRUE='#'
am__fastdepCC_FALSE='#'
am__fastdepCC_TRUE=''
am__fastdepCXX_FALSE='#'
am__fastdepCXX_TRUE=''
am__include='include'
am__isrc=''
am__leading_dot='.'
am__quote=''
am__tar='${AMTAR} chof - "$$tardir"'
am__untar='${AMTAR} xf -'
bindir='${exec_prefix}/bin'
build='i386-apple-darwin10.6.0'
build_alias=''
build_cpu='i386'
build_os='darwin10.6.0'
build_vendor='apple'
datadir='${datarootdir}'
datarootdir='${prefix}/share'
docdir='${datarootdir}/doc/${PACKAGE_TARNAME}'
dvidir='${docdir}'
exec_prefix='${prefix}'
host='i386-apple-darwin10.6.0'
host_alias=''
host_cpu='i386'
host_os='darwin10.6.0'
host_vendor='apple'
htmldir='${docdir}'
includedir='${prefix}/include'
infodir='${datarootdir}/info'
install_sh='${SHELL} /Users/johnno/workspace/NFC/CocoaTag/CocoaTag/deps/libfreefare/install-sh'
libdir='${exec_prefix}/lib'
libexecdir='${exec_prefix}/libexec'
localedir='${datarootdir}/locale'
localstatedir='${prefix}/var'
lt_ECHO='/bin/echo'
mandir='${datarootdir}/man'
mkdir_p='$(top_builddir)/./install-sh -c -d'
oldincludedir='/usr/include'
pdfdir='${docdir}'
prefix='/usr/local'
program_transform_name='s,x,x,'
psdir='${docdir}'
sbindir='${exec_prefix}/sbin'
sharedstatedir='${prefix}/com'
sysconfdir='${prefix}/etc'
target_alias=''

## ----------- ##
## confdefs.h. ##
## ----------- ##

/* confdefs.h */
#define PACKAGE_NAME "libfreefare"
#define PACKAGE_TARNAME "libfreefare"
#define PACKAGE_VERSION "0.2.0"
#define PACKAGE_STRING "libfreefare 0.2.0"
#define PACKAGE_BUGREPORT ""
#define PACKAGE_URL ""
#define STDC_HEADERS 1
#define HAVE_SYS_TYPES_H 1
#define HAVE_SYS_STAT_H 1
#define HAVE_STDLIB_H 1
#define HAVE_STRING_H 1
#define HAVE_MEMORY_H 1
#define HAVE_STRINGS_H 1
#define HAVE_INTTYPES_H 1
#define HAVE_STDINT_H 1
#define HAVE_UNISTD_H 1
#define HAVE_DLFCN_H 1
#define LT_OBJDIR ".libs/"
#define PACKAGE "libfreefare"
#define VERSION "0.2.0"
#define HAVE__BOOL 1
#define HAVE_STDBOOL_H 1
#define HAVE_STDLIB_H 1
#define HAVE_MALLOC 1
#define HAVE_STDLIB_H 1
#define HAVE_REALLOC 1
#define HAVE_SYS_TYPES_H 1
#define HAVE_BZERO 1
#define HAVE_MEMSET 1
#define HAVE_POW 1
#define HAVE_STRERROR 1
#define HAVE_COREFOUNDATION_COREFOUNDATION_H 1
#define _XOPEN_SOURCE 600
#define _BSD_SOURCE 1
#define HAVE_LIBCRYPTO 1
#define HAVE_OPENSSL_DES_H 1
#define HAVE_OPENSSL_RAND_H 1

configure: exit 0

## ---------------------- ##
## Running config.status. ##
## ---------------------- ##

This file was extended by libfreefare config.status 0.2.0, which was
generated by GNU Autoconf 2.65.  Invocation command line was

  CONFIG_FILES    = 
  CONFIG_HEADERS  = 
  CONFIG_LINKS    = 
  CONFIG_COMMANDS = 
  $ ./config.status 

on johnno.local

config.status:1154: creating Makefile
config.status:1154: creating contrib/Makefile
config.status:1154: creating contrib/libutil/Makefile
config.status:1154: creating examples/Makefile
config.status:1154: creating libfreefare/Makefile
config.status:1154: creating libfreefare.pc
config.status:1154: creating test/Makefile
config.status:1154: creating config.h
config.status:1374: executing libtool commands
config.status:1374: executing depfiles commands

## ---------------------- ##
## Running config.status. ##
## ---------------------- ##

This file was extended by libfreefare config.status 0.2.0, which was
generated by GNU Autoconf 2.65.  Invocation command line was

  CONFIG_FILES    = 
  CONFIG_HEADERS  = 
  CONFIG_LINKS    = 
  CONFIG_COMMANDS = 
  $ ./config.status config.h

on johnno.local

config.status:1154: creating config.h
config.status:1326: config.h is unchanged
